2021-08-24 18:53:51,741 [Worker-0: Loading available Gradle versions] INFO  o.e.b.c.i.u.g.PublishedGradleVersions - Gradle version information cache is up-to-date. Trying to read.
2021-08-24 19:01:55,671 [Worker-2: Updating Maven Dependencies] INFO  o.e.m.c.i.l.LifecycleMappingFactory - Using org.maven.ide.eclipse.wtp.WarLifecycleMapping lifecycle mapping for MavenProject: HBRNT18WebApplication:HBRNT18WebApplication:0.0.1-SNAPSHOT @ D:\My Work\Advanced Java Programs\HIBERNATE\HBRNT18WebAppUsingDynamicWebProject&ConvrtToMaven\pom.xml.
2021-08-24 19:02:00,192 [Worker-9: Building] WARN  o.e.m.c.i.embedder.EclipseLogger - Using platform encoding (Cp1252 actually) to copy filtered resources, i.e. build is platform dependent!
2021-08-24 19:02:00,194 [Worker-9: Building] INFO  o.e.m.c.i.embedder.EclipseLogger - skip non existing resourceDirectory D:\My Work\Advanced Java Programs\HIBERNATE\HBRNT18WebAppUsingDynamicWebProject&ConvrtToMaven\src\main\resources
2021-08-24 19:02:00,199 [Worker-9: Building] WARN  o.e.m.c.i.embedder.EclipseLogger - Using platform encoding (Cp1252 actually) to copy filtered resources, i.e. build is platform dependent!
2021-08-24 19:02:00,200 [Worker-9: Building] INFO  o.e.m.c.i.embedder.EclipseLogger - skip non existing resourceDirectory D:\My Work\Advanced Java Programs\HIBERNATE\HBRNT18WebAppUsingDynamicWebProject&ConvrtToMaven\src\test\resources
2021-08-24 19:05:08,217 [Worker-0: Loading available Gradle versions] INFO  o.e.b.c.i.u.g.PublishedGradleVersions - Gradle version information cache is up-to-date. Trying to read.
2021-08-24 19:07:06,172 [Worker-5: Building] INFO  o.e.m.c.i.l.LifecycleMappingFactory - Using org.eclipse.m2e.jdt.JarLifecycleMapping lifecycle mapping for MavenProject: com.dependencies:HBRNT01AddingDependencies:0.0.1-SNAPSHOT @ D:\My Work\Advanced Java Programs\HIBERNATE\HBRNT01AddingDependencies\pom.xml.
2021-08-24 19:07:07,186 [Worker-5: Building] INFO  o.e.m.c.i.embedder.EclipseLogger - Using 'UTF-8' encoding to copy filtered resources.
2021-08-24 19:07:07,186 [Worker-5: Building] INFO  o.e.m.c.i.embedder.EclipseLogger - skip non existing resourceDirectory D:\My Work\Advanced Java Programs\HIBERNATE\HBRNT01AddingDependencies\src\main\resources
2021-08-24 19:07:07,189 [Worker-5: Building] INFO  o.e.m.c.i.embedder.EclipseLogger - Using 'UTF-8' encoding to copy filtered resources.
2021-08-24 19:07:07,189 [Worker-5: Building] INFO  o.e.m.c.i.embedder.EclipseLogger - skip non existing resourceDirectory D:\My Work\Advanced Java Programs\HIBERNATE\HBRNT01AddingDependencies\src\test\resources
2021-08-24 19:07:27,086 [Worker-6: Building] INFO  o.e.m.c.i.embedder.EclipseLogger - Using 'UTF-8' encoding to copy filtered resources.
2021-08-24 19:07:27,086 [Worker-6: Building] INFO  o.e.m.c.i.embedder.EclipseLogger - skip non existing resourceDirectory D:\My Work\Advanced Java Programs\HIBERNATE\HBRNT01AddingDependencies\src\main\resources
2021-08-24 19:07:27,089 [Worker-6: Building] INFO  o.e.m.c.i.embedder.EclipseLogger - Using 'UTF-8' encoding to copy filtered resources.
2021-08-24 19:07:27,089 [Worker-6: Building] INFO  o.e.m.c.i.embedder.EclipseLogger - skip non existing resourceDirectory D:\My Work\Advanced Java Programs\HIBERNATE\HBRNT01AddingDependencies\src\test\resources
2021-08-24 19:07:27,441 [Worker-6: Building] WARN  o.e.m.c.i.embedder.EclipseLogger - Using platform encoding (Cp1252 actually) to copy filtered resources, i.e. build is platform dependent!
2021-08-24 19:07:27,443 [Worker-6: Building] INFO  o.e.m.c.i.embedder.EclipseLogger - skip non existing resourceDirectory D:\My Work\Advanced Java Programs\HIBERNATE\HBRNT18WebAppUsingDynamicWebProject&ConvrtToMaven\src\main\resources
2021-08-24 19:07:27,448 [Worker-6: Building] WARN  o.e.m.c.i.embedder.EclipseLogger - Using platform encoding (Cp1252 actually) to copy filtered resources, i.e. build is platform dependent!
2021-08-24 19:07:27,452 [Worker-6: Building] INFO  o.e.m.c.i.embedder.EclipseLogger - skip non existing resourceDirectory D:\My Work\Advanced Java Programs\HIBERNATE\HBRNT18WebAppUsingDynamicWebProject&ConvrtToMaven\src\test\resources
2021-08-24 19:08:16,489 [Worker-4: Building] INFO  o.e.m.c.i.embedder.EclipseLogger - Using 'UTF-8' encoding to copy filtered resources.
2021-08-24 19:08:16,490 [Worker-4: Building] INFO  o.e.m.c.i.embedder.EclipseLogger - skip non existing resourceDirectory D:\My Work\Advanced Java Programs\HIBERNATE\HBRNT01AddingDependencies\src\main\resources
2021-08-24 19:08:16,491 [Worker-4: Building] INFO  o.e.m.c.i.embedder.EclipseLogger - Using 'UTF-8' encoding to copy filtered resources.
2021-08-24 19:08:16,492 [Worker-4: Building] INFO  o.e.m.c.i.embedder.EclipseLogger - skip non existing resourceDirectory D:\My Work\Advanced Java Programs\HIBERNATE\HBRNT01AddingDependencies\src\test\resources
2021-08-24 19:08:16,506 [Worker-4: Building] WARN  o.e.m.c.i.embedder.EclipseLogger - Using platform encoding (Cp1252 actually) to copy filtered resources, i.e. build is platform dependent!
2021-08-24 19:08:16,507 [Worker-4: Building] INFO  o.e.m.c.i.embedder.EclipseLogger - skip non existing resourceDirectory D:\My Work\Advanced Java Programs\HIBERNATE\HBRNT18WebAppUsingDynamicWebProject&ConvrtToMaven\src\main\resources
2021-08-24 19:08:16,508 [Worker-4: Building] WARN  o.e.m.c.i.embedder.EclipseLogger - Using platform encoding (Cp1252 actually) to copy filtered resources, i.e. build is platform dependent!
2021-08-24 19:08:16,509 [Worker-4: Building] INFO  o.e.m.c.i.embedder.EclipseLogger - skip non existing resourceDirectory D:\My Work\Advanced Java Programs\HIBERNATE\HBRNT18WebAppUsingDynamicWebProject&ConvrtToMaven\src\test\resources
2021-08-24 19:08:38,966 [Worker-10: Building] INFO  o.e.m.c.i.embedder.EclipseLogger - Using 'UTF-8' encoding to copy filtered resources.
2021-08-24 19:08:38,966 [Worker-10: Building] INFO  o.e.m.c.i.embedder.EclipseLogger - skip non existing resourceDirectory D:\My Work\Advanced Java Programs\HIBERNATE\HBRNT01AddingDependencies\src\main\resources
2021-08-24 19:08:38,971 [Worker-10: Building] INFO  o.e.m.c.i.embedder.EclipseLogger - Using 'UTF-8' encoding to copy filtered resources.
2021-08-24 19:08:38,972 [Worker-10: Building] INFO  o.e.m.c.i.embedder.EclipseLogger - skip non existing resourceDirectory D:\My Work\Advanced Java Programs\HIBERNATE\HBRNT01AddingDependencies\src\test\resources
2021-08-24 19:09:13,757 [Worker-6: Building] WARN  o.e.m.c.i.embedder.EclipseLogger - Using platform encoding (Cp1252 actually) to copy filtered resources, i.e. build is platform dependent!
2021-08-24 19:09:13,758 [Worker-6: Building] INFO  o.e.m.c.i.embedder.EclipseLogger - skip non existing resourceDirectory D:\My Work\Advanced Java Programs\HIBERNATE\HBRNT18WebAppUsingDynamicWebProject&ConvrtToMaven\src\main\resources
2021-08-24 19:09:13,759 [Worker-6: Building] WARN  o.e.m.c.i.embedder.EclipseLogger - Using platform encoding (Cp1252 actually) to copy filtered resources, i.e. build is platform dependent!
2021-08-24 19:09:13,760 [Worker-6: Building] INFO  o.e.m.c.i.embedder.EclipseLogger - skip non existing resourceDirectory D:\My Work\Advanced Java Programs\HIBERNATE\HBRNT18WebAppUsingDynamicWebProject&ConvrtToMaven\src\test\resources
2021-08-24 19:09:29,674 [Worker-10: Building] INFO  o.e.m.c.i.embedder.EclipseLogger - Using 'UTF-8' encoding to copy filtered resources.
2021-08-24 19:09:29,674 [Worker-10: Building] INFO  o.e.m.c.i.embedder.EclipseLogger - skip non existing resourceDirectory D:\My Work\Advanced Java Programs\HIBERNATE\HBRNT01AddingDependencies\src\main\resources
2021-08-24 19:09:29,686 [Worker-10: Building] INFO  o.e.m.c.i.embedder.EclipseLogger - Using 'UTF-8' encoding to copy filtered resources.
2021-08-24 19:09:29,686 [Worker-10: Building] INFO  o.e.m.c.i.embedder.EclipseLogger - skip non existing resourceDirectory D:\My Work\Advanced Java Programs\HIBERNATE\HBRNT01AddingDependencies\src\test\resources
2021-08-24 19:09:29,700 [Worker-10: Building] WARN  o.e.m.c.i.embedder.EclipseLogger - Using platform encoding (Cp1252 actually) to copy filtered resources, i.e. build is platform dependent!
2021-08-24 19:09:29,701 [Worker-10: Building] INFO  o.e.m.c.i.embedder.EclipseLogger - skip non existing resourceDirectory D:\My Work\Advanced Java Programs\HIBERNATE\HBRNT18WebAppUsingDynamicWebProject&ConvrtToMaven\src\main\resources
2021-08-24 19:09:29,703 [Worker-10: Building] WARN  o.e.m.c.i.embedder.EclipseLogger - Using platform encoding (Cp1252 actually) to copy filtered resources, i.e. build is platform dependent!
2021-08-24 19:09:29,704 [Worker-10: Building] INFO  o.e.m.c.i.embedder.EclipseLogger - skip non existing resourceDirectory D:\My Work\Advanced Java Programs\HIBERNATE\HBRNT18WebAppUsingDynamicWebProject&ConvrtToMaven\src\test\resources
2021-08-24 19:09:57,154 [Worker-0: Building] INFO  o.e.m.c.i.embedder.EclipseLogger - Using 'UTF-8' encoding to copy filtered resources.
2021-08-24 19:09:57,154 [Worker-0: Building] INFO  o.e.m.c.i.embedder.EclipseLogger - skip non existing resourceDirectory D:\My Work\Advanced Java Programs\HIBERNATE\HBRNT01AddingDependencies\src\main\resources
2021-08-24 19:09:57,156 [Worker-0: Building] INFO  o.e.m.c.i.embedder.EclipseLogger - Using 'UTF-8' encoding to copy filtered resources.
2021-08-24 19:09:57,156 [Worker-0: Building] INFO  o.e.m.c.i.embedder.EclipseLogger - skip non existing resourceDirectory D:\My Work\Advanced Java Programs\HIBERNATE\HBRNT01AddingDependencies\src\test\resources
2021-08-24 19:09:57,174 [Worker-0: Building] WARN  o.e.m.c.i.embedder.EclipseLogger - Using platform encoding (Cp1252 actually) to copy filtered resources, i.e. build is platform dependent!
2021-08-24 19:09:57,175 [Worker-0: Building] INFO  o.e.m.c.i.embedder.EclipseLogger - skip non existing resourceDirectory D:\My Work\Advanced Java Programs\HIBERNATE\HBRNT18WebAppUsingDynamicWebProject&ConvrtToMaven\src\main\resources
2021-08-24 19:09:57,177 [Worker-0: Building] WARN  o.e.m.c.i.embedder.EclipseLogger - Using platform encoding (Cp1252 actually) to copy filtered resources, i.e. build is platform dependent!
2021-08-24 19:09:57,181 [Worker-0: Building] INFO  o.e.m.c.i.embedder.EclipseLogger - skip non existing resourceDirectory D:\My Work\Advanced Java Programs\HIBERNATE\HBRNT18WebAppUsingDynamicWebProject&ConvrtToMaven\src\test\resources
2021-08-24 19:12:23,852 [Worker-1: Building] INFO  o.e.m.c.i.l.LifecycleMappingFactory - Using org.eclipse.m2e.jdt.JarLifecycleMapping lifecycle mapping for MavenProject: com.configuration:HBRNT03ConfiguringHibernate:0.0.1-SNAPSHOT @ D:\My Work\Advanced Java Programs\HIBERNATE\HBRNT03ConfiguringHibernate\pom.xml.
2021-08-24 19:12:24,115 [Worker-1: Building] INFO  o.e.m.c.i.embedder.EclipseLogger - Using 'UTF-8' encoding to copy filtered resources.
2021-08-24 19:12:24,115 [Worker-1: Building] INFO  o.e.m.c.i.embedder.EclipseLogger - skip non existing resourceDirectory D:\My Work\Advanced Java Programs\HIBERNATE\HBRNT03ConfiguringHibernate\src\main\resources
2021-08-24 19:12:24,117 [Worker-1: Building] INFO  o.e.m.c.i.embedder.EclipseLogger - Using 'UTF-8' encoding to copy filtered resources.
2021-08-24 19:12:24,117 [Worker-1: Building] INFO  o.e.m.c.i.embedder.EclipseLogger - skip non existing resourceDirectory D:\My Work\Advanced Java Programs\HIBERNATE\HBRNT03ConfiguringHibernate\src\test\resources
2021-08-24 19:12:25,515 [Worker-3: Building] INFO  o.e.m.c.i.embedder.EclipseLogger - Using 'UTF-8' encoding to copy filtered resources.
2021-08-24 19:12:25,515 [Worker-3: Building] INFO  o.e.m.c.i.embedder.EclipseLogger - skip non existing resourceDirectory D:\My Work\Advanced Java Programs\HIBERNATE\HBRNT03ConfiguringHibernate\src\main\resources
2021-08-24 19:12:25,516 [Worker-3: Building] INFO  o.e.m.c.i.embedder.EclipseLogger - Using 'UTF-8' encoding to copy filtered resources.
2021-08-24 19:12:25,517 [Worker-3: Building] INFO  o.e.m.c.i.embedder.EclipseLogger - skip non existing resourceDirectory D:\My Work\Advanced Java Programs\HIBERNATE\HBRNT03ConfiguringHibernate\src\test\resources
2021-08-24 19:13:04,738 [Worker-7: Building] INFO  o.e.m.c.i.embedder.EclipseLogger - Using 'UTF-8' encoding to copy filtered resources.
2021-08-24 19:13:04,740 [Worker-7: Building] INFO  o.e.m.c.i.embedder.EclipseLogger - skip non existing resourceDirectory D:\My Work\Advanced Java Programs\HIBERNATE\HBRNT03ConfiguringHibernate\src\main\resources
2021-08-24 19:13:04,741 [Worker-7: Building] INFO  o.e.m.c.i.embedder.EclipseLogger - Using 'UTF-8' encoding to copy filtered resources.
2021-08-24 19:13:04,741 [Worker-7: Building] INFO  o.e.m.c.i.embedder.EclipseLogger - skip non existing resourceDirectory D:\My Work\Advanced Java Programs\HIBERNATE\HBRNT03ConfiguringHibernate\src\test\resources
2021-08-24 19:14:58,867 [Worker-5: Building] INFO  o.e.m.c.i.l.LifecycleMappingFactory - Using org.eclipse.m2e.jdt.JarLifecycleMapping lifecycle mapping for MavenProject: com.firstprogm:HBRNT04FirstHibernateProgram:0.0.1-SNAPSHOT @ D:\My Work\Advanced Java Programs\HIBERNATE\HBRNT04FirstHibernateProgram\pom.xml.
2021-08-24 19:14:59,273 [Worker-5: Building] INFO  o.e.m.c.i.embedder.EclipseLogger - Using 'UTF-8' encoding to copy filtered resources.
2021-08-24 19:14:59,273 [Worker-5: Building] INFO  o.e.m.c.i.embedder.EclipseLogger - skip non existing resourceDirectory D:\My Work\Advanced Java Programs\HIBERNATE\HBRNT04FirstHibernateProgram\src\main\resources
2021-08-24 19:14:59,298 [Worker-5: Building] INFO  o.e.m.c.i.embedder.EclipseLogger - Using 'UTF-8' encoding to copy filtered resources.
2021-08-24 19:14:59,299 [Worker-5: Building] INFO  o.e.m.c.i.embedder.EclipseLogger - skip non existing resourceDirectory D:\My Work\Advanced Java Programs\HIBERNATE\HBRNT04FirstHibernateProgram\src\test\resources
2021-08-24 19:15:00,717 [Worker-13: Building] INFO  o.e.m.c.i.embedder.EclipseLogger - Using 'UTF-8' encoding to copy filtered resources.
2021-08-24 19:15:00,718 [Worker-13: Building] INFO  o.e.m.c.i.embedder.EclipseLogger - skip non existing resourceDirectory D:\My Work\Advanced Java Programs\HIBERNATE\HBRNT04FirstHibernateProgram\src\main\resources
2021-08-24 19:15:00,721 [Worker-13: Building] INFO  o.e.m.c.i.embedder.EclipseLogger - Using 'UTF-8' encoding to copy filtered resources.
2021-08-24 19:15:00,722 [Worker-13: Building] INFO  o.e.m.c.i.embedder.EclipseLogger - skip non existing resourceDirectory D:\My Work\Advanced Java Programs\HIBERNATE\HBRNT04FirstHibernateProgram\src\test\resources
2021-08-24 19:15:29,355 [Worker-13: Building] INFO  o.e.m.c.i.embedder.EclipseLogger - Using 'UTF-8' encoding to copy filtered resources.
2021-08-24 19:15:29,355 [Worker-13: Building] INFO  o.e.m.c.i.embedder.EclipseLogger - skip non existing resourceDirectory D:\My Work\Advanced Java Programs\HIBERNATE\HBRNT04FirstHibernateProgram\src\main\resources
2021-08-24 19:15:29,356 [Worker-13: Building] INFO  o.e.m.c.i.embedder.EclipseLogger - Using 'UTF-8' encoding to copy filtered resources.
2021-08-24 19:15:29,357 [Worker-13: Building] INFO  o.e.m.c.i.embedder.EclipseLogger - skip non existing resourceDirectory D:\My Work\Advanced Java Programs\HIBERNATE\HBRNT04FirstHibernateProgram\src\test\resources
2021-08-24 19:16:37,157 [Worker-8: Building] INFO  o.e.m.c.i.embedder.EclipseLogger - Using 'UTF-8' encoding to copy filtered resources.
2021-08-24 19:16:37,157 [Worker-8: Building] INFO  o.e.m.c.i.embedder.EclipseLogger - skip non existing resourceDirectory D:\My Work\Advanced Java Programs\HIBERNATE\HBRNT04FirstHibernateProgram\src\main\resources
2021-08-24 19:16:37,158 [Worker-8: Building] INFO  o.e.m.c.i.embedder.EclipseLogger - Using 'UTF-8' encoding to copy filtered resources.
2021-08-24 19:16:37,159 [Worker-8: Building] INFO  o.e.m.c.i.embedder.EclipseLogger - skip non existing resourceDirectory D:\My Work\Advanced Java Programs\HIBERNATE\HBRNT04FirstHibernateProgram\src\test\resources
2021-08-24 19:16:40,944 [Worker-12: Building] INFO  o.e.m.c.i.embedder.EclipseLogger - Using 'UTF-8' encoding to copy filtered resources.
2021-08-24 19:16:40,945 [Worker-12: Building] INFO  o.e.m.c.i.embedder.EclipseLogger - skip non existing resourceDirectory D:\My Work\Advanced Java Programs\HIBERNATE\HBRNT04FirstHibernateProgram\src\main\resources
2021-08-24 19:16:40,946 [Worker-12: Building] INFO  o.e.m.c.i.embedder.EclipseLogger - Using 'UTF-8' encoding to copy filtered resources.
2021-08-24 19:16:40,946 [Worker-12: Building] INFO  o.e.m.c.i.embedder.EclipseLogger - skip non existing resourceDirectory D:\My Work\Advanced Java Programs\HIBERNATE\HBRNT04FirstHibernateProgram\src\test\resources
2021-08-24 19:33:44,432 [Worker-17: Building] INFO  o.e.m.c.i.l.LifecycleMappingFactory - Using org.eclipse.m2e.jdt.JarLifecycleMapping lifecycle mapping for MavenProject: com.anno:HBRNT05AllAnnotations:0.0.1-SNAPSHOT @ D:\My Work\Advanced Java Programs\HIBERNATE\HBRNT05AllAnnotations\pom.xml.
2021-08-24 19:33:44,821 [Worker-17: Building] INFO  o.e.m.c.i.embedder.EclipseLogger - Using 'UTF-8' encoding to copy filtered resources.
2021-08-24 19:33:44,821 [Worker-17: Building] INFO  o.e.m.c.i.embedder.EclipseLogger - skip non existing resourceDirectory D:\My Work\Advanced Java Programs\HIBERNATE\HBRNT05AllAnnotations\src\main\resources
2021-08-24 19:33:44,823 [Worker-17: Building] INFO  o.e.m.c.i.embedder.EclipseLogger - Using 'UTF-8' encoding to copy filtered resources.
2021-08-24 19:33:44,823 [Worker-17: Building] INFO  o.e.m.c.i.embedder.EclipseLogger - skip non existing resourceDirectory D:\My Work\Advanced Java Programs\HIBERNATE\HBRNT05AllAnnotations\src\test\resources
2021-08-24 19:33:46,563 [Worker-15: Building] INFO  o.e.m.c.i.embedder.EclipseLogger - Using 'UTF-8' encoding to copy filtered resources.
2021-08-24 19:33:46,563 [Worker-15: Building] INFO  o.e.m.c.i.embedder.EclipseLogger - skip non existing resourceDirectory D:\My Work\Advanced Java Programs\HIBERNATE\HBRNT05AllAnnotations\src\main\resources
2021-08-24 19:33:46,564 [Worker-15: Building] INFO  o.e.m.c.i.embedder.EclipseLogger - Using 'UTF-8' encoding to copy filtered resources.
2021-08-24 19:33:46,564 [Worker-15: Building] INFO  o.e.m.c.i.embedder.EclipseLogger - skip non existing resourceDirectory D:\My Work\Advanced Java Programs\HIBERNATE\HBRNT05AllAnnotations\src\test\resources
2021-08-24 19:34:02,909 [Worker-18: Building] INFO  o.e.m.c.i.embedder.EclipseLogger - Using 'UTF-8' encoding to copy filtered resources.
2021-08-24 19:34:02,910 [Worker-18: Building] INFO  o.e.m.c.i.embedder.EclipseLogger - skip non existing resourceDirectory D:\My Work\Advanced Java Programs\HIBERNATE\HBRNT05AllAnnotations\src\main\resources
2021-08-24 19:34:02,911 [Worker-18: Building] INFO  o.e.m.c.i.embedder.EclipseLogger - Using 'UTF-8' encoding to copy filtered resources.
2021-08-24 19:34:02,912 [Worker-18: Building] INFO  o.e.m.c.i.embedder.EclipseLogger - skip non existing resourceDirectory D:\My Work\Advanced Java Programs\HIBERNATE\HBRNT05AllAnnotations\src\test\resources
2021-08-24 19:35:07,487 [Worker-18: Building] INFO  o.e.m.c.i.l.LifecycleMappingFactory - Using org.eclipse.m2e.jdt.JarLifecycleMapping lifecycle mapping for MavenProject: com.fetch:HBRNT06FetchingObjGetAndLoadMethod:0.0.1-SNAPSHOT @ D:\My Work\Advanced Java Programs\HIBERNATE\HBRNT06FetchingObjGetAndLoadMethod\pom.xml.
2021-08-24 19:35:07,718 [Worker-18: Building] INFO  o.e.m.c.i.embedder.EclipseLogger - Using 'UTF-8' encoding to copy filtered resources.
2021-08-24 19:35:07,719 [Worker-18: Building] INFO  o.e.m.c.i.embedder.EclipseLogger - skip non existing resourceDirectory D:\My Work\Advanced Java Programs\HIBERNATE\HBRNT06FetchingObjGetAndLoadMethod\src\main\resources
2021-08-24 19:35:07,720 [Worker-18: Building] INFO  o.e.m.c.i.embedder.EclipseLogger - Using 'UTF-8' encoding to copy filtered resources.
2021-08-24 19:35:07,720 [Worker-18: Building] INFO  o.e.m.c.i.embedder.EclipseLogger - skip non existing resourceDirectory D:\My Work\Advanced Java Programs\HIBERNATE\HBRNT06FetchingObjGetAndLoadMethod\src\test\resources
2021-08-24 19:35:09,837 [Worker-18: Building] INFO  o.e.m.c.i.embedder.EclipseLogger - Using 'UTF-8' encoding to copy filtered resources.
2021-08-24 19:35:09,837 [Worker-18: Building] INFO  o.e.m.c.i.embedder.EclipseLogger - skip non existing resourceDirectory D:\My Work\Advanced Java Programs\HIBERNATE\HBRNT06FetchingObjGetAndLoadMethod\src\main\resources
2021-08-24 19:35:09,838 [Worker-18: Building] INFO  o.e.m.c.i.embedder.EclipseLogger - Using 'UTF-8' encoding to copy filtered resources.
2021-08-24 19:35:09,839 [Worker-18: Building] INFO  o.e.m.c.i.embedder.EclipseLogger - skip non existing resourceDirectory D:\My Work\Advanced Java Programs\HIBERNATE\HBRNT06FetchingObjGetAndLoadMethod\src\test\resources
2021-08-24 19:35:28,421 [Worker-12: Building] INFO  o.e.m.c.i.embedder.EclipseLogger - Using 'UTF-8' encoding to copy filtered resources.
2021-08-24 19:35:28,421 [Worker-12: Building] INFO  o.e.m.c.i.embedder.EclipseLogger - skip non existing resourceDirectory D:\My Work\Advanced Java Programs\HIBERNATE\HBRNT06FetchingObjGetAndLoadMethod\src\main\resources
2021-08-24 19:35:28,423 [Worker-12: Building] INFO  o.e.m.c.i.embedder.EclipseLogger - Using 'UTF-8' encoding to copy filtered resources.
2021-08-24 19:35:28,424 [Worker-12: Building] INFO  o.e.m.c.i.embedder.EclipseLogger - skip non existing resourceDirectory D:\My Work\Advanced Java Programs\HIBERNATE\HBRNT06FetchingObjGetAndLoadMethod\src\test\resources
2021-08-24 19:36:33,103 [Worker-17: Building] INFO  o.e.m.c.i.l.LifecycleMappingFactory - Using org.eclipse.m2e.jdt.JarLifecycleMapping lifecycle mapping for MavenProject: com.embedding:HBRNT07EmbeddingObjects:0.0.1-SNAPSHOT @ D:\My Work\Advanced Java Programs\HIBERNATE\HBRNT07EmbeddingObjects\pom.xml.
2021-08-24 19:36:33,338 [Worker-17: Building] INFO  o.e.m.c.i.embedder.EclipseLogger - Using 'UTF-8' encoding to copy filtered resources.
2021-08-24 19:36:33,338 [Worker-17: Building] INFO  o.e.m.c.i.embedder.EclipseLogger - skip non existing resourceDirectory D:\My Work\Advanced Java Programs\HIBERNATE\HBRNT07EmbeddingObjects\src\main\resources
2021-08-24 19:36:33,339 [Worker-17: Building] INFO  o.e.m.c.i.embedder.EclipseLogger - Using 'UTF-8' encoding to copy filtered resources.
2021-08-24 19:36:33,340 [Worker-17: Building] INFO  o.e.m.c.i.embedder.EclipseLogger - skip non existing resourceDirectory D:\My Work\Advanced Java Programs\HIBERNATE\HBRNT07EmbeddingObjects\src\test\resources
2021-08-24 19:36:34,964 [Worker-19: Building] INFO  o.e.m.c.i.embedder.EclipseLogger - Using 'UTF-8' encoding to copy filtered resources.
2021-08-24 19:36:34,964 [Worker-19: Building] INFO  o.e.m.c.i.embedder.EclipseLogger - skip non existing resourceDirectory D:\My Work\Advanced Java Programs\HIBERNATE\HBRNT07EmbeddingObjects\src\main\resources
2021-08-24 19:36:34,966 [Worker-19: Building] INFO  o.e.m.c.i.embedder.EclipseLogger - Using 'UTF-8' encoding to copy filtered resources.
2021-08-24 19:36:34,966 [Worker-19: Building] INFO  o.e.m.c.i.embedder.EclipseLogger - skip non existing resourceDirectory D:\My Work\Advanced Java Programs\HIBERNATE\HBRNT07EmbeddingObjects\src\test\resources
2021-08-24 19:36:52,760 [Worker-17: Building] INFO  o.e.m.c.i.embedder.EclipseLogger - Using 'UTF-8' encoding to copy filtered resources.
2021-08-24 19:36:52,761 [Worker-17: Building] INFO  o.e.m.c.i.embedder.EclipseLogger - skip non existing resourceDirectory D:\My Work\Advanced Java Programs\HIBERNATE\HBRNT07EmbeddingObjects\src\main\resources
2021-08-24 19:36:52,762 [Worker-17: Building] INFO  o.e.m.c.i.embedder.EclipseLogger - Using 'UTF-8' encoding to copy filtered resources.
2021-08-24 19:36:52,762 [Worker-17: Building] INFO  o.e.m.c.i.embedder.EclipseLogger - skip non existing resourceDirectory D:\My Work\Advanced Java Programs\HIBERNATE\HBRNT07EmbeddingObjects\src\test\resources
2021-08-24 19:37:28,546 [Worker-19: Building] INFO  o.e.m.c.i.embedder.EclipseLogger - Using 'UTF-8' encoding to copy filtered resources.
2021-08-24 19:37:28,546 [Worker-19: Building] INFO  o.e.m.c.i.embedder.EclipseLogger - skip non existing resourceDirectory D:\My Work\Advanced Java Programs\HIBERNATE\HBRNT07EmbeddingObjects\src\main\resources
2021-08-24 19:37:28,548 [Worker-19: Building] INFO  o.e.m.c.i.embedder.EclipseLogger - Using 'UTF-8' encoding to copy filtered resources.
2021-08-24 19:37:28,548 [Worker-19: Building] INFO  o.e.m.c.i.embedder.EclipseLogger - skip non existing resourceDirectory D:\My Work\Advanced Java Programs\HIBERNATE\HBRNT07EmbeddingObjects\src\test\resources
2021-08-24 19:38:16,548 [Worker-12: Building] INFO  o.e.m.c.i.embedder.EclipseLogger - Using 'UTF-8' encoding to copy filtered resources.
2021-08-24 19:38:16,548 [Worker-12: Building] INFO  o.e.m.c.i.embedder.EclipseLogger - skip non existing resourceDirectory D:\My Work\Advanced Java Programs\HIBERNATE\HBRNT07EmbeddingObjects\src\main\resources
2021-08-24 19:38:16,549 [Worker-12: Building] INFO  o.e.m.c.i.embedder.EclipseLogger - Using 'UTF-8' encoding to copy filtered resources.
2021-08-24 19:38:16,550 [Worker-12: Building] INFO  o.e.m.c.i.embedder.EclipseLogger - skip non existing resourceDirectory D:\My Work\Advanced Java Programs\HIBERNATE\HBRNT07EmbeddingObjects\src\test\resources
2021-08-24 19:38:53,055 [Worker-12: Building] INFO  o.e.m.c.i.l.LifecycleMappingFactory - Using org.eclipse.m2e.jdt.JarLifecycleMapping lifecycle mapping for MavenProject: com.mapping:HBRNT08AllMappings:0.0.1-SNAPSHOT @ D:\My Work\Advanced Java Programs\HIBERNATE\HBRNT08AllMappings\pom.xml.
2021-08-24 19:38:53,280 [Worker-12: Building] INFO  o.e.m.c.i.embedder.EclipseLogger - Using 'UTF-8' encoding to copy filtered resources.
2021-08-24 19:38:53,280 [Worker-12: Building] INFO  o.e.m.c.i.embedder.EclipseLogger - skip non existing resourceDirectory D:\My Work\Advanced Java Programs\HIBERNATE\HBRNT08AllMappings\src\main\resources
2021-08-24 19:38:53,282 [Worker-12: Building] INFO  o.e.m.c.i.embedder.EclipseLogger - Using 'UTF-8' encoding to copy filtered resources.
2021-08-24 19:38:53,282 [Worker-12: Building] INFO  o.e.m.c.i.embedder.EclipseLogger - skip non existing resourceDirectory D:\My Work\Advanced Java Programs\HIBERNATE\HBRNT08AllMappings\src\test\resources
2021-08-24 19:38:54,972 [Worker-18: Building] INFO  o.e.m.c.i.embedder.EclipseLogger - Using 'UTF-8' encoding to copy filtered resources.
2021-08-24 19:38:54,972 [Worker-18: Building] INFO  o.e.m.c.i.embedder.EclipseLogger - skip non existing resourceDirectory D:\My Work\Advanced Java Programs\HIBERNATE\HBRNT08AllMappings\src\main\resources
2021-08-24 19:38:54,973 [Worker-18: Building] INFO  o.e.m.c.i.embedder.EclipseLogger - Using 'UTF-8' encoding to copy filtered resources.
2021-08-24 19:38:54,973 [Worker-18: Building] INFO  o.e.m.c.i.embedder.EclipseLogger - skip non existing resourceDirectory D:\My Work\Advanced Java Programs\HIBERNATE\HBRNT08AllMappings\src\test\resources
2021-08-24 19:39:16,594 [Worker-21: Building] INFO  o.e.m.c.i.embedder.EclipseLogger - Using 'UTF-8' encoding to copy filtered resources.
2021-08-24 19:39:16,595 [Worker-21: Building] INFO  o.e.m.c.i.embedder.EclipseLogger - skip non existing resourceDirectory D:\My Work\Advanced Java Programs\HIBERNATE\HBRNT08AllMappings\src\main\resources
2021-08-24 19:39:16,595 [Worker-21: Building] INFO  o.e.m.c.i.embedder.EclipseLogger - Using 'UTF-8' encoding to copy filtered resources.
2021-08-24 19:39:16,595 [Worker-21: Building] INFO  o.e.m.c.i.embedder.EclipseLogger - skip non existing resourceDirectory D:\My Work\Advanced Java Programs\HIBERNATE\HBRNT08AllMappings\src\test\resources
2021-08-24 19:41:21,107 [Worker-18: Building] INFO  o.e.m.c.i.embedder.EclipseLogger - Using 'UTF-8' encoding to copy filtered resources.
2021-08-24 19:41:21,107 [Worker-18: Building] INFO  o.e.m.c.i.embedder.EclipseLogger - skip non existing resourceDirectory D:\My Work\Advanced Java Programs\HIBERNATE\HBRNT08AllMappings\src\main\resources
2021-08-24 19:41:21,108 [Worker-18: Building] INFO  o.e.m.c.i.embedder.EclipseLogger - Using 'UTF-8' encoding to copy filtered resources.
2021-08-24 19:41:21,108 [Worker-18: Building] INFO  o.e.m.c.i.embedder.EclipseLogger - skip non existing resourceDirectory D:\My Work\Advanced Java Programs\HIBERNATE\HBRNT08AllMappings\src\test\resources
2021-08-24 19:41:52,198 [Worker-17: Building] INFO  o.e.m.c.i.l.LifecycleMappingFactory - Using org.eclipse.m2e.jdt.JarLifecycleMapping lifecycle mapping for MavenProject: com.fetch:HBRNT09FetchingLazyEager:0.0.1-SNAPSHOT @ D:\My Work\Advanced Java Programs\HIBERNATE\HBRNT09FetchingLazyEager\pom.xml.
2021-08-24 19:41:52,444 [Worker-17: Building] INFO  o.e.m.c.i.embedder.EclipseLogger - Using 'UTF-8' encoding to copy filtered resources.
2021-08-24 19:41:52,445 [Worker-17: Building] INFO  o.e.m.c.i.embedder.EclipseLogger - skip non existing resourceDirectory D:\My Work\Advanced Java Programs\HIBERNATE\HBRNT09FetchingLazyEager\src\main\resources
2021-08-24 19:41:52,446 [Worker-17: Building] INFO  o.e.m.c.i.embedder.EclipseLogger - Using 'UTF-8' encoding to copy filtered resources.
2021-08-24 19:41:52,446 [Worker-17: Building] INFO  o.e.m.c.i.embedder.EclipseLogger - skip non existing resourceDirectory D:\My Work\Advanced Java Programs\HIBERNATE\HBRNT09FetchingLazyEager\src\test\resources
2021-08-24 19:41:54,284 [Worker-18: Building] INFO  o.e.m.c.i.embedder.EclipseLogger - Using 'UTF-8' encoding to copy filtered resources.
2021-08-24 19:41:54,284 [Worker-18: Building] INFO  o.e.m.c.i.embedder.EclipseLogger - skip non existing resourceDirectory D:\My Work\Advanced Java Programs\HIBERNATE\HBRNT09FetchingLazyEager\src\main\resources
2021-08-24 19:41:54,285 [Worker-18: Building] INFO  o.e.m.c.i.embedder.EclipseLogger - Using 'UTF-8' encoding to copy filtered resources.
2021-08-24 19:41:54,286 [Worker-18: Building] INFO  o.e.m.c.i.embedder.EclipseLogger - skip non existing resourceDirectory D:\My Work\Advanced Java Programs\HIBERNATE\HBRNT09FetchingLazyEager\src\test\resources
2021-08-24 19:42:11,314 [Worker-16: Building] INFO  o.e.m.c.i.embedder.EclipseLogger - Using 'UTF-8' encoding to copy filtered resources.
2021-08-24 19:42:11,315 [Worker-16: Building] INFO  o.e.m.c.i.embedder.EclipseLogger - skip non existing resourceDirectory D:\My Work\Advanced Java Programs\HIBERNATE\HBRNT09FetchingLazyEager\src\main\resources
2021-08-24 19:42:11,316 [Worker-16: Building] INFO  o.e.m.c.i.embedder.EclipseLogger - Using 'UTF-8' encoding to copy filtered resources.
2021-08-24 19:42:11,316 [Worker-16: Building] INFO  o.e.m.c.i.embedder.EclipseLogger - skip non existing resourceDirectory D:\My Work\Advanced Java Programs\HIBERNATE\HBRNT09FetchingLazyEager\src\test\resources
2021-08-24 19:43:07,784 [Worker-19: Building] INFO  o.e.m.c.i.l.LifecycleMappingFactory - Using org.eclipse.m2e.jdt.JarLifecycleMapping lifecycle mapping for MavenProject: com.objectstates:HBRNT10ObjectsStates:0.0.1-SNAPSHOT @ D:\My Work\Advanced Java Programs\HIBERNATE\HBRNT10ObjectsStates\pom.xml.
2021-08-24 19:43:08,074 [Worker-19: Building] INFO  o.e.m.c.i.embedder.EclipseLogger - Using 'UTF-8' encoding to copy filtered resources.
2021-08-24 19:43:08,074 [Worker-19: Building] INFO  o.e.m.c.i.embedder.EclipseLogger - skip non existing resourceDirectory D:\My Work\Advanced Java Programs\HIBERNATE\HBRNT10ObjectsStates\src\main\resources
2021-08-24 19:43:08,075 [Worker-19: Building] INFO  o.e.m.c.i.embedder.EclipseLogger - Using 'UTF-8' encoding to copy filtered resources.
2021-08-24 19:43:08,075 [Worker-19: Building] INFO  o.e.m.c.i.embedder.EclipseLogger - skip non existing resourceDirectory D:\My Work\Advanced Java Programs\HIBERNATE\HBRNT10ObjectsStates\src\test\resources
2021-08-24 19:43:09,624 [Worker-20: Building] INFO  o.e.m.c.i.embedder.EclipseLogger - Using 'UTF-8' encoding to copy filtered resources.
2021-08-24 19:43:09,624 [Worker-20: Building] INFO  o.e.m.c.i.embedder.EclipseLogger - skip non existing resourceDirectory D:\My Work\Advanced Java Programs\HIBERNATE\HBRNT10ObjectsStates\src\main\resources
2021-08-24 19:43:09,625 [Worker-20: Building] INFO  o.e.m.c.i.embedder.EclipseLogger - Using 'UTF-8' encoding to copy filtered resources.
2021-08-24 19:43:09,626 [Worker-20: Building] INFO  o.e.m.c.i.embedder.EclipseLogger - skip non existing resourceDirectory D:\My Work\Advanced Java Programs\HIBERNATE\HBRNT10ObjectsStates\src\test\resources
2021-08-24 19:43:25,811 [Worker-18: Building] INFO  o.e.m.c.i.embedder.EclipseLogger - Using 'UTF-8' encoding to copy filtered resources.
2021-08-24 19:43:25,811 [Worker-18: Building] INFO  o.e.m.c.i.embedder.EclipseLogger - skip non existing resourceDirectory D:\My Work\Advanced Java Programs\HIBERNATE\HBRNT10ObjectsStates\src\main\resources
2021-08-24 19:43:25,812 [Worker-18: Building] INFO  o.e.m.c.i.embedder.EclipseLogger - Using 'UTF-8' encoding to copy filtered resources.
2021-08-24 19:43:25,812 [Worker-18: Building] INFO  o.e.m.c.i.embedder.EclipseLogger - skip non existing resourceDirectory D:\My Work\Advanced Java Programs\HIBERNATE\HBRNT10ObjectsStates\src\test\resources
2021-08-24 19:43:42,690 [Worker-20: Building] INFO  o.e.m.c.i.embedder.EclipseLogger - Using 'UTF-8' encoding to copy filtered resources.
2021-08-24 19:43:42,690 [Worker-20: Building] INFO  o.e.m.c.i.embedder.EclipseLogger - skip non existing resourceDirectory D:\My Work\Advanced Java Programs\HIBERNATE\HBRNT10ObjectsStates\src\main\resources
2021-08-24 19:43:42,692 [Worker-20: Building] INFO  o.e.m.c.i.embedder.EclipseLogger - Using 'UTF-8' encoding to copy filtered resources.
2021-08-24 19:43:42,692 [Worker-20: Building] INFO  o.e.m.c.i.embedder.EclipseLogger - skip non existing resourceDirectory D:\My Work\Advanced Java Programs\HIBERNATE\HBRNT10ObjectsStates\src\test\resources
2021-08-24 19:44:13,290 [Worker-12: Building] INFO  o.e.m.c.i.l.LifecycleMappingFactory - Using org.eclipse.m2e.jdt.JarLifecycleMapping lifecycle mapping for MavenProject: com.firstprogm:HBRNT04FirstHibernateProgram:0.0.1-SNAPSHOT @ D:\My Work\Advanced Java Programs\HIBERNATE\HBRNT11HQLQueries\pom.xml.
2021-08-24 19:44:13,756 [Worker-12: Building] INFO  o.e.m.c.i.embedder.EclipseLogger - Using 'UTF-8' encoding to copy filtered resources.
2021-08-24 19:44:13,756 [Worker-12: Building] INFO  o.e.m.c.i.embedder.EclipseLogger - skip non existing resourceDirectory D:\My Work\Advanced Java Programs\HIBERNATE\HBRNT11HQLQueries\src\main\resources
2021-08-24 19:44:13,757 [Worker-12: Building] INFO  o.e.m.c.i.embedder.EclipseLogger - Using 'UTF-8' encoding to copy filtered resources.
2021-08-24 19:44:13,757 [Worker-12: Building] INFO  o.e.m.c.i.embedder.EclipseLogger - skip non existing resourceDirectory D:\My Work\Advanced Java Programs\HIBERNATE\HBRNT11HQLQueries\src\test\resources
2021-08-24 19:44:15,683 [Worker-12: Building] INFO  o.e.m.c.i.embedder.EclipseLogger - Using 'UTF-8' encoding to copy filtered resources.
2021-08-24 19:44:15,683 [Worker-12: Building] INFO  o.e.m.c.i.embedder.EclipseLogger - skip non existing resourceDirectory D:\My Work\Advanced Java Programs\HIBERNATE\HBRNT11HQLQueries\src\main\resources
2021-08-24 19:44:15,684 [Worker-12: Building] INFO  o.e.m.c.i.embedder.EclipseLogger - Using 'UTF-8' encoding to copy filtered resources.
2021-08-24 19:44:15,684 [Worker-12: Building] INFO  o.e.m.c.i.embedder.EclipseLogger - skip non existing resourceDirectory D:\My Work\Advanced Java Programs\HIBERNATE\HBRNT11HQLQueries\src\test\resources
2021-08-24 19:44:32,689 [Worker-13: Building] INFO  o.e.m.c.i.embedder.EclipseLogger - Using 'UTF-8' encoding to copy filtered resources.
2021-08-24 19:44:32,690 [Worker-13: Building] INFO  o.e.m.c.i.embedder.EclipseLogger - skip non existing resourceDirectory D:\My Work\Advanced Java Programs\HIBERNATE\HBRNT11HQLQueries\src\main\resources
2021-08-24 19:44:32,691 [Worker-13: Building] INFO  o.e.m.c.i.embedder.EclipseLogger - Using 'UTF-8' encoding to copy filtered resources.
2021-08-24 19:44:32,691 [Worker-13: Building] INFO  o.e.m.c.i.embedder.EclipseLogger - skip non existing resourceDirectory D:\My Work\Advanced Java Programs\HIBERNATE\HBRNT11HQLQueries\src\test\resources
2021-08-24 19:45:20,849 [Worker-13: Building] INFO  o.e.m.c.i.l.LifecycleMappingFactory - Using org.eclipse.m2e.jdt.JarLifecycleMapping lifecycle mapping for MavenProject: com.firstprogm:HBRNT04FirstHibernateProgram:0.0.1-SNAPSHOT @ D:\My Work\Advanced Java Programs\HIBERNATE\HBRNT12Pagination\pom.xml.
2021-08-24 19:45:21,157 [Worker-13: Building] INFO  o.e.m.c.i.embedder.EclipseLogger - Using 'UTF-8' encoding to copy filtered resources.
2021-08-24 19:45:21,157 [Worker-13: Building] INFO  o.e.m.c.i.embedder.EclipseLogger - skip non existing resourceDirectory D:\My Work\Advanced Java Programs\HIBERNATE\HBRNT12Pagination\src\main\resources
2021-08-24 19:45:21,158 [Worker-13: Building] INFO  o.e.m.c.i.embedder.EclipseLogger - Using 'UTF-8' encoding to copy filtered resources.
2021-08-24 19:45:21,158 [Worker-13: Building] INFO  o.e.m.c.i.embedder.EclipseLogger - skip non existing resourceDirectory D:\My Work\Advanced Java Programs\HIBERNATE\HBRNT12Pagination\src\test\resources
2021-08-24 19:45:22,850 [Worker-19: Building] INFO  o.e.m.c.i.embedder.EclipseLogger - Using 'UTF-8' encoding to copy filtered resources.
2021-08-24 19:45:22,850 [Worker-19: Building] INFO  o.e.m.c.i.embedder.EclipseLogger - skip non existing resourceDirectory D:\My Work\Advanced Java Programs\HIBERNATE\HBRNT12Pagination\src\main\resources
2021-08-24 19:45:22,851 [Worker-19: Building] INFO  o.e.m.c.i.embedder.EclipseLogger - Using 'UTF-8' encoding to copy filtered resources.
2021-08-24 19:45:22,852 [Worker-19: Building] INFO  o.e.m.c.i.embedder.EclipseLogger - skip non existing resourceDirectory D:\My Work\Advanced Java Programs\HIBERNATE\HBRNT12Pagination\src\test\resources
2021-08-24 19:45:34,636 [Worker-20: Building] INFO  o.e.m.c.i.embedder.EclipseLogger - Using 'UTF-8' encoding to copy filtered resources.
2021-08-24 19:45:34,636 [Worker-20: Building] INFO  o.e.m.c.i.embedder.EclipseLogger - skip non existing resourceDirectory D:\My Work\Advanced Java Programs\HIBERNATE\HBRNT12Pagination\src\main\resources
2021-08-24 19:45:34,638 [Worker-20: Building] INFO  o.e.m.c.i.embedder.EclipseLogger - Using 'UTF-8' encoding to copy filtered resources.
2021-08-24 19:45:34,638 [Worker-20: Building] INFO  o.e.m.c.i.embedder.EclipseLogger - skip non existing resourceDirectory D:\My Work\Advanced Java Programs\HIBERNATE\HBRNT12Pagination\src\test\resources
2021-08-24 19:46:20,070 [Worker-13: Building] INFO  o.e.m.c.i.l.LifecycleMappingFactory - Using org.eclipse.m2e.jdt.JarLifecycleMapping lifecycle mapping for MavenProject: com.firstprogm:HBRNT04FirstHibernateProgram:0.0.1-SNAPSHOT @ D:\My Work\Advanced Java Programs\HIBERNATE\HBRNT13NativeSql\pom.xml.
2021-08-24 19:46:20,295 [Worker-13: Building] INFO  o.e.m.c.i.embedder.EclipseLogger - Using 'UTF-8' encoding to copy filtered resources.
2021-08-24 19:46:20,295 [Worker-13: Building] INFO  o.e.m.c.i.embedder.EclipseLogger - skip non existing resourceDirectory D:\My Work\Advanced Java Programs\HIBERNATE\HBRNT13NativeSql\src\main\resources
2021-08-24 19:46:20,296 [Worker-13: Building] INFO  o.e.m.c.i.embedder.EclipseLogger - Using 'UTF-8' encoding to copy filtered resources.
2021-08-24 19:46:20,296 [Worker-13: Building] INFO  o.e.m.c.i.embedder.EclipseLogger - skip non existing resourceDirectory D:\My Work\Advanced Java Programs\HIBERNATE\HBRNT13NativeSql\src\test\resources
2021-08-24 19:46:21,781 [Worker-18: Building] INFO  o.e.m.c.i.embedder.EclipseLogger - Using 'UTF-8' encoding to copy filtered resources.
2021-08-24 19:46:21,781 [Worker-18: Building] INFO  o.e.m.c.i.embedder.EclipseLogger - skip non existing resourceDirectory D:\My Work\Advanced Java Programs\HIBERNATE\HBRNT13NativeSql\src\main\resources
2021-08-24 19:46:21,782 [Worker-18: Building] INFO  o.e.m.c.i.embedder.EclipseLogger - Using 'UTF-8' encoding to copy filtered resources.
2021-08-24 19:46:21,782 [Worker-18: Building] INFO  o.e.m.c.i.embedder.EclipseLogger - skip non existing resourceDirectory D:\My Work\Advanced Java Programs\HIBERNATE\HBRNT13NativeSql\src\test\resources
2021-08-24 19:46:41,829 [Worker-17: Building] INFO  o.e.m.c.i.embedder.EclipseLogger - Using 'UTF-8' encoding to copy filtered resources.
2021-08-24 19:46:41,829 [Worker-17: Building] INFO  o.e.m.c.i.embedder.EclipseLogger - skip non existing resourceDirectory D:\My Work\Advanced Java Programs\HIBERNATE\HBRNT13NativeSql\src\main\resources
2021-08-24 19:46:41,830 [Worker-17: Building] INFO  o.e.m.c.i.embedder.EclipseLogger - Using 'UTF-8' encoding to copy filtered resources.
2021-08-24 19:46:41,830 [Worker-17: Building] INFO  o.e.m.c.i.embedder.EclipseLogger - skip non existing resourceDirectory D:\My Work\Advanced Java Programs\HIBERNATE\HBRNT13NativeSql\src\test\resources
2021-08-24 19:47:25,213 [Worker-20: Building] INFO  o.e.m.c.i.l.LifecycleMappingFactory - Using org.eclipse.m2e.jdt.JarLifecycleMapping lifecycle mapping for MavenProject: com.mapping:HBRNT08AllMappings:0.0.1-SNAPSHOT @ D:\My Work\Advanced Java Programs\HIBERNATE\HBRNT14Cascading\pom.xml.
2021-08-24 19:47:25,364 [Worker-20: Building] INFO  o.e.m.c.i.embedder.EclipseLogger - Using 'UTF-8' encoding to copy filtered resources.
2021-08-24 19:47:25,365 [Worker-20: Building] INFO  o.e.m.c.i.embedder.EclipseLogger - skip non existing resourceDirectory D:\My Work\Advanced Java Programs\HIBERNATE\HBRNT14Cascading\src\main\resources
2021-08-24 19:47:25,366 [Worker-20: Building] INFO  o.e.m.c.i.embedder.EclipseLogger - Using 'UTF-8' encoding to copy filtered resources.
2021-08-24 19:47:25,366 [Worker-20: Building] INFO  o.e.m.c.i.embedder.EclipseLogger - skip non existing resourceDirectory D:\My Work\Advanced Java Programs\HIBERNATE\HBRNT14Cascading\src\test\resources
2021-08-24 19:47:26,990 [Worker-21: Building] INFO  o.e.m.c.i.embedder.EclipseLogger - Using 'UTF-8' encoding to copy filtered resources.
2021-08-24 19:47:26,991 [Worker-21: Building] INFO  o.e.m.c.i.embedder.EclipseLogger - skip non existing resourceDirectory D:\My Work\Advanced Java Programs\HIBERNATE\HBRNT14Cascading\src\main\resources
2021-08-24 19:47:26,992 [Worker-21: Building] INFO  o.e.m.c.i.embedder.EclipseLogger - Using 'UTF-8' encoding to copy filtered resources.
2021-08-24 19:47:26,992 [Worker-21: Building] INFO  o.e.m.c.i.embedder.EclipseLogger - skip non existing resourceDirectory D:\My Work\Advanced Java Programs\HIBERNATE\HBRNT14Cascading\src\test\resources
2021-08-24 19:47:41,335 [Worker-22: Building] INFO  o.e.m.c.i.embedder.EclipseLogger - Using 'UTF-8' encoding to copy filtered resources.
2021-08-24 19:47:41,335 [Worker-22: Building] INFO  o.e.m.c.i.embedder.EclipseLogger - skip non existing resourceDirectory D:\My Work\Advanced Java Programs\HIBERNATE\HBRNT14Cascading\src\main\resources
2021-08-24 19:47:41,336 [Worker-22: Building] INFO  o.e.m.c.i.embedder.EclipseLogger - Using 'UTF-8' encoding to copy filtered resources.
2021-08-24 19:47:41,336 [Worker-22: Building] INFO  o.e.m.c.i.embedder.EclipseLogger - skip non existing resourceDirectory D:\My Work\Advanced Java Programs\HIBERNATE\HBRNT14Cascading\src\test\resources
2021-08-24 19:48:04,996 [Worker-16: Building] INFO  o.e.m.c.i.embedder.EclipseLogger - Using 'UTF-8' encoding to copy filtered resources.
2021-08-24 19:48:04,997 [Worker-16: Building] INFO  o.e.m.c.i.embedder.EclipseLogger - skip non existing resourceDirectory D:\My Work\Advanced Java Programs\HIBERNATE\HBRNT14Cascading\src\main\resources
2021-08-24 19:48:04,998 [Worker-16: Building] INFO  o.e.m.c.i.embedder.EclipseLogger - Using 'UTF-8' encoding to copy filtered resources.
2021-08-24 19:48:04,998 [Worker-16: Building] INFO  o.e.m.c.i.embedder.EclipseLogger - skip non existing resourceDirectory D:\My Work\Advanced Java Programs\HIBERNATE\HBRNT14Cascading\src\test\resources
2021-08-24 19:49:23,632 [Worker-23: Building] INFO  o.e.m.c.i.l.LifecycleMappingFactory - Using org.eclipse.m2e.jdt.JarLifecycleMapping lifecycle mapping for MavenProject: com.firstprogm:HBRNT04FirstHibernateProgram:0.0.1-SNAPSHOT @ D:\My Work\Advanced Java Programs\HIBERNATE\HBRNT15CachingFirstAndSecondLevel\pom.xml.
2021-08-24 19:49:23,946 [Worker-23: Building] INFO  o.e.m.c.i.embedder.EclipseLogger - Using 'UTF-8' encoding to copy filtered resources.
2021-08-24 19:49:23,947 [Worker-23: Building] INFO  o.e.m.c.i.embedder.EclipseLogger - skip non existing resourceDirectory D:\My Work\Advanced Java Programs\HIBERNATE\HBRNT15CachingFirstAndSecondLevel\src\main\resources
2021-08-24 19:49:23,948 [Worker-23: Building] INFO  o.e.m.c.i.embedder.EclipseLogger - Using 'UTF-8' encoding to copy filtered resources.
2021-08-24 19:49:23,948 [Worker-23: Building] INFO  o.e.m.c.i.embedder.EclipseLogger - skip non existing resourceDirectory D:\My Work\Advanced Java Programs\HIBERNATE\HBRNT15CachingFirstAndSecondLevel\src\test\resources
2021-08-24 19:49:25,836 [Worker-15: Building] INFO  o.e.m.c.i.embedder.EclipseLogger - Using 'UTF-8' encoding to copy filtered resources.
2021-08-24 19:49:25,836 [Worker-15: Building] INFO  o.e.m.c.i.embedder.EclipseLogger - skip non existing resourceDirectory D:\My Work\Advanced Java Programs\HIBERNATE\HBRNT15CachingFirstAndSecondLevel\src\main\resources
2021-08-24 19:49:25,837 [Worker-15: Building] INFO  o.e.m.c.i.embedder.EclipseLogger - Using 'UTF-8' encoding to copy filtered resources.
2021-08-24 19:49:25,838 [Worker-15: Building] INFO  o.e.m.c.i.embedder.EclipseLogger - skip non existing resourceDirectory D:\My Work\Advanced Java Programs\HIBERNATE\HBRNT15CachingFirstAndSecondLevel\src\test\resources
2021-08-24 19:49:39,536 [Worker-26: Building] INFO  o.e.m.c.i.embedder.EclipseLogger - Using 'UTF-8' encoding to copy filtered resources.
2021-08-24 19:49:39,536 [Worker-26: Building] INFO  o.e.m.c.i.embedder.EclipseLogger - skip non existing resourceDirectory D:\My Work\Advanced Java Programs\HIBERNATE\HBRNT15CachingFirstAndSecondLevel\src\main\resources
2021-08-24 19:49:39,537 [Worker-26: Building] INFO  o.e.m.c.i.embedder.EclipseLogger - Using 'UTF-8' encoding to copy filtered resources.
2021-08-24 19:49:39,537 [Worker-26: Building] INFO  o.e.m.c.i.embedder.EclipseLogger - skip non existing resourceDirectory D:\My Work\Advanced Java Programs\HIBERNATE\HBRNT15CachingFirstAndSecondLevel\src\test\resources
2021-08-24 19:54:12,101 [Worker-31: Building] INFO  o.e.m.c.i.l.LifecycleMappingFactory - Using org.eclipse.m2e.jdt.JarLifecycleMapping lifecycle mapping for MavenProject: com.firstprogm:HBRNT04FirstHibernateProgram:0.0.1-SNAPSHOT @ D:\My Work\Advanced Java Programs\HIBERNATE\HBRNT16MappingUsingXml\pom.xml.
2021-08-24 19:54:12,328 [Worker-31: Building] INFO  o.e.m.c.i.embedder.EclipseLogger - Using 'UTF-8' encoding to copy filtered resources.
2021-08-24 19:54:12,329 [Worker-31: Building] INFO  o.e.m.c.i.embedder.EclipseLogger - skip non existing resourceDirectory D:\My Work\Advanced Java Programs\HIBERNATE\HBRNT16MappingUsingXml\src\main\resources
2021-08-24 19:54:12,330 [Worker-31: Building] INFO  o.e.m.c.i.embedder.EclipseLogger - Using 'UTF-8' encoding to copy filtered resources.
2021-08-24 19:54:12,330 [Worker-31: Building] INFO  o.e.m.c.i.embedder.EclipseLogger - skip non existing resourceDirectory D:\My Work\Advanced Java Programs\HIBERNATE\HBRNT16MappingUsingXml\src\test\resources
2021-08-24 19:54:14,124 [Worker-30: Building] INFO  o.e.m.c.i.embedder.EclipseLogger - Using 'UTF-8' encoding to copy filtered resources.
2021-08-24 19:54:14,124 [Worker-30: Building] INFO  o.e.m.c.i.embedder.EclipseLogger - skip non existing resourceDirectory D:\My Work\Advanced Java Programs\HIBERNATE\HBRNT16MappingUsingXml\src\main\resources
2021-08-24 19:54:14,125 [Worker-30: Building] INFO  o.e.m.c.i.embedder.EclipseLogger - Using 'UTF-8' encoding to copy filtered resources.
2021-08-24 19:54:14,126 [Worker-30: Building] INFO  o.e.m.c.i.embedder.EclipseLogger - skip non existing resourceDirectory D:\My Work\Advanced Java Programs\HIBERNATE\HBRNT16MappingUsingXml\src\test\resources
2021-08-24 19:54:37,932 [Worker-29: Building] INFO  o.e.m.c.i.embedder.EclipseLogger - Using 'UTF-8' encoding to copy filtered resources.
2021-08-24 19:54:37,932 [Worker-29: Building] INFO  o.e.m.c.i.embedder.EclipseLogger - skip non existing resourceDirectory D:\My Work\Advanced Java Programs\HIBERNATE\HBRNT16MappingUsingXml\src\main\resources
2021-08-24 19:54:37,933 [Worker-29: Building] INFO  o.e.m.c.i.embedder.EclipseLogger - Using 'UTF-8' encoding to copy filtered resources.
2021-08-24 19:54:37,933 [Worker-29: Building] INFO  o.e.m.c.i.embedder.EclipseLogger - skip non existing resourceDirectory D:\My Work\Advanced Java Programs\HIBERNATE\HBRNT16MappingUsingXml\src\test\resources
2021-08-24 19:55:40,651 [Worker-19: Building] INFO  o.e.m.c.i.embedder.EclipseLogger - Using 'UTF-8' encoding to copy filtered resources.
2021-08-24 19:55:40,651 [Worker-19: Building] INFO  o.e.m.c.i.embedder.EclipseLogger - skip non existing resourceDirectory D:\My Work\Advanced Java Programs\HIBERNATE\HBRNT16MappingUsingXml\src\main\resources
2021-08-24 19:55:40,652 [Worker-19: Building] INFO  o.e.m.c.i.embedder.EclipseLogger - Using 'UTF-8' encoding to copy filtered resources.
2021-08-24 19:55:40,652 [Worker-19: Building] INFO  o.e.m.c.i.embedder.EclipseLogger - skip non existing resourceDirectory D:\My Work\Advanced Java Programs\HIBERNATE\HBRNT16MappingUsingXml\src\test\resources
2021-08-24 19:56:37,128 [Worker-19: Building] INFO  o.e.m.c.i.embedder.EclipseLogger - Using 'UTF-8' encoding to copy filtered resources.
2021-08-24 19:56:37,129 [Worker-19: Building] INFO  o.e.m.c.i.embedder.EclipseLogger - skip non existing resourceDirectory D:\My Work\Advanced Java Programs\HIBERNATE\HBRNT16MappingUsingXml\src\main\resources
2021-08-24 19:56:37,130 [Worker-19: Building] INFO  o.e.m.c.i.embedder.EclipseLogger - Using 'UTF-8' encoding to copy filtered resources.
2021-08-24 19:56:37,130 [Worker-19: Building] INFO  o.e.m.c.i.embedder.EclipseLogger - skip non existing resourceDirectory D:\My Work\Advanced Java Programs\HIBERNATE\HBRNT16MappingUsingXml\src\test\resources
2021-08-24 19:57:41,431 [Worker-23: Building] INFO  o.e.m.c.i.l.LifecycleMappingFactory - Using org.eclipse.m2e.jdt.JarLifecycleMapping lifecycle mapping for MavenProject: com.criteriaApi:HBRNT17CriteriaAPIandRestrictions:0.0.1-SNAPSHOT @ D:\My Work\Advanced Java Programs\HIBERNATE\HBRNT17CriteriaAPIandRestrictions\pom.xml.
2021-08-24 19:57:41,596 [Worker-23: Building] INFO  o.e.m.c.i.embedder.EclipseLogger - Using 'UTF-8' encoding to copy filtered resources.
2021-08-24 19:57:41,597 [Worker-23: Building] INFO  o.e.m.c.i.embedder.EclipseLogger - skip non existing resourceDirectory D:\My Work\Advanced Java Programs\HIBERNATE\HBRNT17CriteriaAPIandRestrictions\src\main\resources
2021-08-24 19:57:41,597 [Worker-23: Building] INFO  o.e.m.c.i.embedder.EclipseLogger - Using 'UTF-8' encoding to copy filtered resources.
2021-08-24 19:57:41,597 [Worker-23: Building] INFO  o.e.m.c.i.embedder.EclipseLogger - skip non existing resourceDirectory D:\My Work\Advanced Java Programs\HIBERNATE\HBRNT17CriteriaAPIandRestrictions\src\test\resources
2021-08-24 19:57:43,972 [Worker-29: Building] INFO  o.e.m.c.i.embedder.EclipseLogger - Using 'UTF-8' encoding to copy filtered resources.
2021-08-24 19:57:43,973 [Worker-29: Building] INFO  o.e.m.c.i.embedder.EclipseLogger - skip non existing resourceDirectory D:\My Work\Advanced Java Programs\HIBERNATE\HBRNT17CriteriaAPIandRestrictions\src\main\resources
2021-08-24 19:57:43,978 [Worker-29: Building] INFO  o.e.m.c.i.embedder.EclipseLogger - Using 'UTF-8' encoding to copy filtered resources.
2021-08-24 19:57:43,978 [Worker-29: Building] INFO  o.e.m.c.i.embedder.EclipseLogger - skip non existing resourceDirectory D:\My Work\Advanced Java Programs\HIBERNATE\HBRNT17CriteriaAPIandRestrictions\src\test\resources
2021-08-24 19:57:59,008 [Worker-29: Building] INFO  o.e.m.c.i.embedder.EclipseLogger - Using 'UTF-8' encoding to copy filtered resources.
2021-08-24 19:57:59,009 [Worker-29: Building] INFO  o.e.m.c.i.embedder.EclipseLogger - skip non existing resourceDirectory D:\My Work\Advanced Java Programs\HIBERNATE\HBRNT17CriteriaAPIandRestrictions\src\main\resources
2021-08-24 19:57:59,010 [Worker-29: Building] INFO  o.e.m.c.i.embedder.EclipseLogger - Using 'UTF-8' encoding to copy filtered resources.
2021-08-24 19:57:59,010 [Worker-29: Building] INFO  o.e.m.c.i.embedder.EclipseLogger - skip non existing resourceDirectory D:\My Work\Advanced Java Programs\HIBERNATE\HBRNT17CriteriaAPIandRestrictions\src\test\resources
2021-08-24 19:59:53,356 [Worker-35: Building] WARN  o.e.m.c.i.embedder.EclipseLogger - Using platform encoding (Cp1252 actually) to copy filtered resources, i.e. build is platform dependent!
2021-08-24 19:59:53,357 [Worker-35: Building] INFO  o.e.m.c.i.embedder.EclipseLogger - skip non existing resourceDirectory D:\My Work\Advanced Java Programs\HIBERNATE\HBRNT18WebAppUsingDynamicWebProject&ConvrtToMaven\src\main\resources
2021-08-24 19:59:53,358 [Worker-35: Building] WARN  o.e.m.c.i.embedder.EclipseLogger - Using platform encoding (Cp1252 actually) to copy filtered resources, i.e. build is platform dependent!
2021-08-24 19:59:53,359 [Worker-35: Building] INFO  o.e.m.c.i.embedder.EclipseLogger - skip non existing resourceDirectory D:\My Work\Advanced Java Programs\HIBERNATE\HBRNT18WebAppUsingDynamicWebProject&ConvrtToMaven\src\test\resources
2021-08-25 10:36:54,476 [Worker-1: Loading available Gradle versions] INFO  o.e.b.c.i.u.g.PublishedGradleVersions - Gradle version information cache is up-to-date. Trying to read.
2021-08-25 10:46:01,344 [Worker-2: Loading available Gradle versions] INFO  o.e.b.c.i.u.g.PublishedGradleVersions - Gradle version information cache is up-to-date. Trying to read.
2021-08-25 10:54:00,444 [Worker-1: Loading available Gradle versions] INFO  o.e.b.c.i.u.g.PublishedGradleVersions - Gradle version information cache is up-to-date. Trying to read.
2021-08-25 10:54:56,454 [Worker-2: Building] INFO  o.e.m.c.i.embedder.EclipseLogger - Using 'UTF-8' encoding to copy filtered resources.
2021-08-25 10:54:56,454 [Worker-2: Building] INFO  o.e.m.c.i.embedder.EclipseLogger - skip non existing resourceDirectory D:\My Work\Advanced Java Programs\HIBERNATE\HBRNT01AddingDependencies\src\main\resources
2021-08-25 10:54:56,457 [Worker-2: Building] INFO  o.e.m.c.i.embedder.EclipseLogger - Using 'UTF-8' encoding to copy filtered resources.
2021-08-25 10:54:56,458 [Worker-2: Building] INFO  o.e.m.c.i.embedder.EclipseLogger - skip non existing resourceDirectory D:\My Work\Advanced Java Programs\HIBERNATE\HBRNT01AddingDependencies\src\test\resources
2021-08-25 10:54:58,090 [Worker-2: Building] INFO  o.e.m.c.i.embedder.EclipseLogger - Using 'UTF-8' encoding to copy filtered resources.
2021-08-25 10:54:58,091 [Worker-2: Building] INFO  o.e.m.c.i.embedder.EclipseLogger - skip non existing resourceDirectory D:\My Work\Advanced Java Programs\HIBERNATE\HBRNT04FirstHibernateProgram\src\main\resources
2021-08-25 10:54:58,095 [Worker-2: Building] INFO  o.e.m.c.i.embedder.EclipseLogger - Using 'UTF-8' encoding to copy filtered resources.
2021-08-25 10:54:58,096 [Worker-2: Building] INFO  o.e.m.c.i.embedder.EclipseLogger - skip non existing resourceDirectory D:\My Work\Advanced Java Programs\HIBERNATE\HBRNT04FirstHibernateProgram\src\test\resources
2021-08-25 10:54:58,676 [Worker-2: Building] INFO  o.e.m.c.i.embedder.EclipseLogger - Using 'UTF-8' encoding to copy filtered resources.
2021-08-25 10:54:58,676 [Worker-2: Building] INFO  o.e.m.c.i.embedder.EclipseLogger - skip non existing resourceDirectory D:\My Work\Advanced Java Programs\HIBERNATE\HBRNT05AllAnnotations\src\main\resources
2021-08-25 10:54:58,678 [Worker-2: Building] INFO  o.e.m.c.i.embedder.EclipseLogger - Using 'UTF-8' encoding to copy filtered resources.
2021-08-25 10:54:58,678 [Worker-2: Building] INFO  o.e.m.c.i.embedder.EclipseLogger - skip non existing resourceDirectory D:\My Work\Advanced Java Programs\HIBERNATE\HBRNT05AllAnnotations\src\test\resources
2021-08-25 10:54:59,223 [Worker-2: Building] INFO  o.e.m.c.i.embedder.EclipseLogger - Using 'UTF-8' encoding to copy filtered resources.
2021-08-25 10:54:59,223 [Worker-2: Building] INFO  o.e.m.c.i.embedder.EclipseLogger - skip non existing resourceDirectory D:\My Work\Advanced Java Programs\HIBERNATE\HBRNT06FetchingObjGetAndLoadMethod\src\main\resources
2021-08-25 10:54:59,226 [Worker-2: Building] INFO  o.e.m.c.i.embedder.EclipseLogger - Using 'UTF-8' encoding to copy filtered resources.
2021-08-25 10:54:59,227 [Worker-2: Building] INFO  o.e.m.c.i.embedder.EclipseLogger - skip non existing resourceDirectory D:\My Work\Advanced Java Programs\HIBERNATE\HBRNT06FetchingObjGetAndLoadMethod\src\test\resources
2021-08-25 10:55:00,845 [Worker-2: Building] INFO  o.e.m.c.i.embedder.EclipseLogger - Using 'UTF-8' encoding to copy filtered resources.
2021-08-25 10:55:00,845 [Worker-2: Building] INFO  o.e.m.c.i.embedder.EclipseLogger - skip non existing resourceDirectory D:\My Work\Advanced Java Programs\HIBERNATE\HBRNT07EmbeddingObjects\src\main\resources
2021-08-25 10:55:00,847 [Worker-2: Building] INFO  o.e.m.c.i.embedder.EclipseLogger - Using 'UTF-8' encoding to copy filtered resources.
2021-08-25 10:55:00,848 [Worker-2: Building] INFO  o.e.m.c.i.embedder.EclipseLogger - skip non existing resourceDirectory D:\My Work\Advanced Java Programs\HIBERNATE\HBRNT07EmbeddingObjects\src\test\resources
2021-08-25 10:55:01,443 [Worker-2: Building] INFO  o.e.m.c.i.embedder.EclipseLogger - Using 'UTF-8' encoding to copy filtered resources.
2021-08-25 10:55:01,443 [Worker-2: Building] INFO  o.e.m.c.i.embedder.EclipseLogger - skip non existing resourceDirectory D:\My Work\Advanced Java Programs\HIBERNATE\HBRNT08AllMappings\src\main\resources
2021-08-25 10:55:01,445 [Worker-2: Building] INFO  o.e.m.c.i.embedder.EclipseLogger - Using 'UTF-8' encoding to copy filtered resources.
2021-08-25 10:55:01,445 [Worker-2: Building] INFO  o.e.m.c.i.embedder.EclipseLogger - skip non existing resourceDirectory D:\My Work\Advanced Java Programs\HIBERNATE\HBRNT08AllMappings\src\test\resources
2021-08-25 10:55:01,903 [Worker-2: Building] INFO  o.e.m.c.i.embedder.EclipseLogger - Using 'UTF-8' encoding to copy filtered resources.
2021-08-25 10:55:01,903 [Worker-2: Building] INFO  o.e.m.c.i.embedder.EclipseLogger - skip non existing resourceDirectory D:\My Work\Advanced Java Programs\HIBERNATE\HBRNT09FetchingLazyEager\src\main\resources
2021-08-25 10:55:01,911 [Worker-2: Building] INFO  o.e.m.c.i.embedder.EclipseLogger - Using 'UTF-8' encoding to copy filtered resources.
2021-08-25 10:55:01,911 [Worker-2: Building] INFO  o.e.m.c.i.embedder.EclipseLogger - skip non existing resourceDirectory D:\My Work\Advanced Java Programs\HIBERNATE\HBRNT09FetchingLazyEager\src\test\resources
2021-08-25 10:55:02,189 [Worker-2: Building] INFO  o.e.m.c.i.embedder.EclipseLogger - Using 'UTF-8' encoding to copy filtered resources.
2021-08-25 10:55:02,190 [Worker-2: Building] INFO  o.e.m.c.i.embedder.EclipseLogger - skip non existing resourceDirectory D:\My Work\Advanced Java Programs\HIBERNATE\HBRNT10ObjectsStates\src\main\resources
2021-08-25 10:55:02,194 [Worker-2: Building] INFO  o.e.m.c.i.embedder.EclipseLogger - Using 'UTF-8' encoding to copy filtered resources.
2021-08-25 10:55:02,194 [Worker-2: Building] INFO  o.e.m.c.i.embedder.EclipseLogger - skip non existing resourceDirectory D:\My Work\Advanced Java Programs\HIBERNATE\HBRNT10ObjectsStates\src\test\resources
2021-08-25 10:55:02,645 [Worker-2: Building] INFO  o.e.m.c.i.embedder.EclipseLogger - Using 'UTF-8' encoding to copy filtered resources.
2021-08-25 10:55:02,645 [Worker-2: Building] INFO  o.e.m.c.i.embedder.EclipseLogger - skip non existing resourceDirectory D:\My Work\Advanced Java Programs\HIBERNATE\HBRNT11HQLQueries\src\main\resources
2021-08-25 10:55:02,647 [Worker-2: Building] INFO  o.e.m.c.i.embedder.EclipseLogger - Using 'UTF-8' encoding to copy filtered resources.
2021-08-25 10:55:02,647 [Worker-2: Building] INFO  o.e.m.c.i.embedder.EclipseLogger - skip non existing resourceDirectory D:\My Work\Advanced Java Programs\HIBERNATE\HBRNT11HQLQueries\src\test\resources
2021-08-25 10:55:02,912 [Worker-2: Building] INFO  o.e.m.c.i.embedder.EclipseLogger - Using 'UTF-8' encoding to copy filtered resources.
2021-08-25 10:55:02,913 [Worker-2: Building] INFO  o.e.m.c.i.embedder.EclipseLogger - skip non existing resourceDirectory D:\My Work\Advanced Java Programs\HIBERNATE\HBRNT12Pagination\src\main\resources
2021-08-25 10:55:02,915 [Worker-2: Building] INFO  o.e.m.c.i.embedder.EclipseLogger - Using 'UTF-8' encoding to copy filtered resources.
2021-08-25 10:55:02,915 [Worker-2: Building] INFO  o.e.m.c.i.embedder.EclipseLogger - skip non existing resourceDirectory D:\My Work\Advanced Java Programs\HIBERNATE\HBRNT12Pagination\src\test\resources
2021-08-25 10:55:03,287 [Worker-2: Building] INFO  o.e.m.c.i.embedder.EclipseLogger - Using 'UTF-8' encoding to copy filtered resources.
2021-08-25 10:55:03,287 [Worker-2: Building] INFO  o.e.m.c.i.embedder.EclipseLogger - skip non existing resourceDirectory D:\My Work\Advanced Java Programs\HIBERNATE\HBRNT13NativeSql\src\main\resources
2021-08-25 10:55:03,289 [Worker-2: Building] INFO  o.e.m.c.i.embedder.EclipseLogger - Using 'UTF-8' encoding to copy filtered resources.
2021-08-25 10:55:03,289 [Worker-2: Building] INFO  o.e.m.c.i.embedder.EclipseLogger - skip non existing resourceDirectory D:\My Work\Advanced Java Programs\HIBERNATE\HBRNT13NativeSql\src\test\resources
2021-08-25 10:55:03,606 [Worker-2: Building] INFO  o.e.m.c.i.embedder.EclipseLogger - Using 'UTF-8' encoding to copy filtered resources.
2021-08-25 10:55:03,607 [Worker-2: Building] INFO  o.e.m.c.i.embedder.EclipseLogger - skip non existing resourceDirectory D:\My Work\Advanced Java Programs\HIBERNATE\HBRNT14Cascading\src\main\resources
2021-08-25 10:55:03,608 [Worker-2: Building] INFO  o.e.m.c.i.embedder.EclipseLogger - Using 'UTF-8' encoding to copy filtered resources.
2021-08-25 10:55:03,608 [Worker-2: Building] INFO  o.e.m.c.i.embedder.EclipseLogger - skip non existing resourceDirectory D:\My Work\Advanced Java Programs\HIBERNATE\HBRNT14Cascading\src\test\resources
2021-08-25 10:55:04,191 [Worker-2: Building] INFO  o.e.m.c.i.embedder.EclipseLogger - Using 'UTF-8' encoding to copy filtered resources.
2021-08-25 10:55:04,192 [Worker-2: Building] INFO  o.e.m.c.i.embedder.EclipseLogger - skip non existing resourceDirectory D:\My Work\Advanced Java Programs\HIBERNATE\HBRNT15CachingFirstAndSecondLevel\src\main\resources
2021-08-25 10:55:04,194 [Worker-2: Building] INFO  o.e.m.c.i.embedder.EclipseLogger - Using 'UTF-8' encoding to copy filtered resources.
2021-08-25 10:55:04,194 [Worker-2: Building] INFO  o.e.m.c.i.embedder.EclipseLogger - skip non existing resourceDirectory D:\My Work\Advanced Java Programs\HIBERNATE\HBRNT15CachingFirstAndSecondLevel\src\test\resources
2021-08-25 10:55:04,547 [Worker-2: Building] INFO  o.e.m.c.i.embedder.EclipseLogger - Using 'UTF-8' encoding to copy filtered resources.
2021-08-25 10:55:04,547 [Worker-2: Building] INFO  o.e.m.c.i.embedder.EclipseLogger - skip non existing resourceDirectory D:\My Work\Advanced Java Programs\HIBERNATE\HBRNT16MappingUsingXml\src\main\resources
2021-08-25 10:55:04,548 [Worker-2: Building] INFO  o.e.m.c.i.embedder.EclipseLogger - Using 'UTF-8' encoding to copy filtered resources.
2021-08-25 10:55:04,549 [Worker-2: Building] INFO  o.e.m.c.i.embedder.EclipseLogger - skip non existing resourceDirectory D:\My Work\Advanced Java Programs\HIBERNATE\HBRNT16MappingUsingXml\src\test\resources
2021-08-25 10:55:04,795 [Worker-2: Building] INFO  o.e.m.c.i.embedder.EclipseLogger - Using 'UTF-8' encoding to copy filtered resources.
2021-08-25 10:55:04,795 [Worker-2: Building] INFO  o.e.m.c.i.embedder.EclipseLogger - skip non existing resourceDirectory D:\My Work\Advanced Java Programs\HIBERNATE\HBRNT17CriteriaAPIandRestrictions\src\main\resources
2021-08-25 10:55:04,797 [Worker-2: Building] INFO  o.e.m.c.i.embedder.EclipseLogger - Using 'UTF-8' encoding to copy filtered resources.
2021-08-25 10:55:04,797 [Worker-2: Building] INFO  o.e.m.c.i.embedder.EclipseLogger - skip non existing resourceDirectory D:\My Work\Advanced Java Programs\HIBERNATE\HBRNT17CriteriaAPIandRestrictions\src\test\resources
2021-08-25 10:55:05,694 [Worker-2: Building] WARN  o.e.m.c.i.embedder.EclipseLogger - Using platform encoding (Cp1252 actually) to copy filtered resources, i.e. build is platform dependent!
2021-08-25 10:55:05,696 [Worker-2: Building] INFO  o.e.m.c.i.embedder.EclipseLogger - skip non existing resourceDirectory D:\My Work\Advanced Java Programs\HIBERNATE\HBRNT18WebAppUsingDynamicWebProject&ConvrtToMaven\src\main\resources
2021-08-25 10:55:05,700 [Worker-2: Building] WARN  o.e.m.c.i.embedder.EclipseLogger - Using platform encoding (Cp1252 actually) to copy filtered resources, i.e. build is platform dependent!
2021-08-25 10:55:05,701 [Worker-2: Building] INFO  o.e.m.c.i.embedder.EclipseLogger - skip non existing resourceDirectory D:\My Work\Advanced Java Programs\HIBERNATE\HBRNT18WebAppUsingDynamicWebProject&ConvrtToMaven\src\test\resources
2021-08-25 11:10:12,086 [Worker-0: Loading available Gradle versions] INFO  o.e.b.c.i.u.g.PublishedGradleVersions - Gradle version information cache is up-to-date. Trying to read.
2021-08-25 17:29:40,246 [Worker-3: Loading available Gradle versions] INFO  o.e.b.c.i.u.g.PublishedGradleVersions - Gradle version information cache is up-to-date. Trying to read.
2021-08-25 17:47:35,776 [Worker-1: Loading available Gradle versions] INFO  o.e.b.c.i.u.g.PublishedGradleVersions - Gradle version information cache is up-to-date. Trying to read.
2021-08-25 18:04:32,061 [Worker-0: Loading available Gradle versions] INFO  o.e.b.c.i.u.g.PublishedGradleVersions - Gradle version information cache is up-to-date. Trying to read.
2021-08-25 18:04:53,529 [Worker-10: Building] INFO  o.e.m.c.i.embedder.EclipseLogger - Using 'UTF-8' encoding to copy filtered resources.
2021-08-25 18:04:53,532 [Worker-10: Building] INFO  o.e.m.c.i.embedder.EclipseLogger - skip non existing resourceDirectory D:\My Work\JAVA\Advanced Java Programs\HIBERNATE\HBRNT01AddingDependencies\src\main\resources
2021-08-25 18:04:55,708 [Worker-10: Building] INFO  o.e.m.c.i.embedder.EclipseLogger - Using 'UTF-8' encoding to copy filtered resources.
2021-08-25 18:04:55,709 [Worker-10: Building] INFO  o.e.m.c.i.embedder.EclipseLogger - skip non existing resourceDirectory D:\My Work\JAVA\Advanced Java Programs\HIBERNATE\HBRNT01AddingDependencies\src\test\resources
2021-08-25 18:04:55,716 [Worker-3: Updating Maven Dependencies] INFO  o.e.m.c.i.l.LifecycleMappingFactory - Using org.eclipse.m2e.jdt.JarLifecycleMapping lifecycle mapping for MavenProject: com.dependencies:HBRNT01AddingDependencies:0.0.1-SNAPSHOT @ D:\My Work\JAVA\Advanced Java Programs\HIBERNATE\HBRNT01AddingDependencies\pom.xml.
2021-08-25 18:04:59,145 [Worker-1: Building] INFO  o.e.m.c.i.embedder.EclipseLogger - Using 'UTF-8' encoding to copy filtered resources.
2021-08-25 18:04:59,145 [Worker-1: Building] INFO  o.e.m.c.i.embedder.EclipseLogger - skip non existing resourceDirectory D:\My Work\JAVA\Advanced Java Programs\HIBERNATE\HBRNT01AddingDependencies\src\main\resources
2021-08-25 18:04:59,147 [Worker-1: Building] INFO  o.e.m.c.i.embedder.EclipseLogger - Using 'UTF-8' encoding to copy filtered resources.
2021-08-25 18:04:59,147 [Worker-1: Building] INFO  o.e.m.c.i.embedder.EclipseLogger - skip non existing resourceDirectory D:\My Work\JAVA\Advanced Java Programs\HIBERNATE\HBRNT01AddingDependencies\src\test\resources
2021-08-25 18:07:52,710 [Worker-0: Loading available Gradle versions] INFO  o.e.b.c.i.u.g.PublishedGradleVersions - Gradle version information cache is up-to-date. Trying to read.
2021-08-25 18:08:22,522 [Worker-0: Building] INFO  o.e.m.c.i.embedder.EclipseLogger - Using 'UTF-8' encoding to copy filtered resources.
2021-08-25 18:08:22,524 [Worker-0: Building] INFO  o.e.m.c.i.embedder.EclipseLogger - skip non existing resourceDirectory D:\My Work\JAVA\Advanced Java Programs\HIBERNATE\HBRNT03ConfiguringHibernate\src\main\resources
2021-08-25 18:08:22,896 [Worker-0: Building] INFO  o.e.m.c.i.embedder.EclipseLogger - Using 'UTF-8' encoding to copy filtered resources.
2021-08-25 18:08:22,897 [Worker-0: Building] INFO  o.e.m.c.i.embedder.EclipseLogger - skip non existing resourceDirectory D:\My Work\JAVA\Advanced Java Programs\HIBERNATE\HBRNT03ConfiguringHibernate\src\test\resources
2021-08-25 18:08:22,919 [Worker-2: Updating Maven Dependencies] INFO  o.e.m.c.i.l.LifecycleMappingFactory - Using org.eclipse.m2e.jdt.JarLifecycleMapping lifecycle mapping for MavenProject: com.configuration:HBRNT03ConfiguringHibernate:0.0.1-SNAPSHOT @ D:\My Work\JAVA\Advanced Java Programs\HIBERNATE\HBRNT03ConfiguringHibernate\pom.xml.
2021-08-25 18:08:24,493 [Worker-5: Building] INFO  o.e.m.c.i.embedder.EclipseLogger - Using 'UTF-8' encoding to copy filtered resources.
2021-08-25 18:08:24,493 [Worker-5: Building] INFO  o.e.m.c.i.embedder.EclipseLogger - skip non existing resourceDirectory D:\My Work\JAVA\Advanced Java Programs\HIBERNATE\HBRNT03ConfiguringHibernate\src\main\resources
2021-08-25 18:08:24,495 [Worker-5: Building] INFO  o.e.m.c.i.embedder.EclipseLogger - Using 'UTF-8' encoding to copy filtered resources.
2021-08-25 18:08:24,496 [Worker-5: Building] INFO  o.e.m.c.i.embedder.EclipseLogger - skip non existing resourceDirectory D:\My Work\JAVA\Advanced Java Programs\HIBERNATE\HBRNT03ConfiguringHibernate\src\test\resources
2021-08-25 18:08:33,480 [Worker-7: Updating Maven Dependencies] INFO  o.e.m.c.i.l.LifecycleMappingFactory - Using org.eclipse.m2e.jdt.JarLifecycleMapping lifecycle mapping for MavenProject: com.firstprogm:HBRNT04FirstHibernateProgram:0.0.1-SNAPSHOT @ D:\My Work\JAVA\Advanced Java Programs\HIBERNATE\HBRNT04FirstHibernateProgram\pom.xml.
2021-08-25 18:08:33,601 [Worker-10: Building] INFO  o.e.m.c.i.embedder.EclipseLogger - Using 'UTF-8' encoding to copy filtered resources.
2021-08-25 18:08:33,602 [Worker-10: Building] INFO  o.e.m.c.i.embedder.EclipseLogger - skip non existing resourceDirectory D:\My Work\JAVA\Advanced Java Programs\HIBERNATE\HBRNT04FirstHibernateProgram\src\main\resources
2021-08-25 18:08:33,603 [Worker-10: Building] INFO  o.e.m.c.i.embedder.EclipseLogger - Using 'UTF-8' encoding to copy filtered resources.
2021-08-25 18:08:33,604 [Worker-10: Building] INFO  o.e.m.c.i.embedder.EclipseLogger - skip non existing resourceDirectory D:\My Work\JAVA\Advanced Java Programs\HIBERNATE\HBRNT04FirstHibernateProgram\src\test\resources
2021-08-25 18:08:36,211 [Worker-0: Building] INFO  o.e.m.c.i.embedder.EclipseLogger - Using 'UTF-8' encoding to copy filtered resources.
2021-08-25 18:08:36,211 [Worker-0: Building] INFO  o.e.m.c.i.embedder.EclipseLogger - skip non existing resourceDirectory D:\My Work\JAVA\Advanced Java Programs\HIBERNATE\HBRNT04FirstHibernateProgram\src\main\resources
2021-08-25 18:08:36,213 [Worker-0: Building] INFO  o.e.m.c.i.embedder.EclipseLogger - Using 'UTF-8' encoding to copy filtered resources.
2021-08-25 18:08:36,214 [Worker-0: Building] INFO  o.e.m.c.i.embedder.EclipseLogger - skip non existing resourceDirectory D:\My Work\JAVA\Advanced Java Programs\HIBERNATE\HBRNT04FirstHibernateProgram\src\test\resources
2021-08-25 18:08:37,142 [Worker-4: Updating Maven Dependencies] INFO  o.e.m.c.i.l.LifecycleMappingFactory - Using org.eclipse.m2e.jdt.JarLifecycleMapping lifecycle mapping for MavenProject: com.anno:HBRNT05AllAnnotations:0.0.1-SNAPSHOT @ D:\My Work\JAVA\Advanced Java Programs\HIBERNATE\HBRNT05AllAnnotations\pom.xml.
2021-08-25 18:08:38,802 [Worker-10: Building] INFO  o.e.m.c.i.embedder.EclipseLogger - Using 'UTF-8' encoding to copy filtered resources.
2021-08-25 18:08:38,802 [Worker-10: Building] INFO  o.e.m.c.i.embedder.EclipseLogger - skip non existing resourceDirectory D:\My Work\JAVA\Advanced Java Programs\HIBERNATE\HBRNT05AllAnnotations\src\main\resources
2021-08-25 18:08:38,803 [Worker-10: Building] INFO  o.e.m.c.i.embedder.EclipseLogger - Using 'UTF-8' encoding to copy filtered resources.
2021-08-25 18:08:38,804 [Worker-10: Building] INFO  o.e.m.c.i.embedder.EclipseLogger - skip non existing resourceDirectory D:\My Work\JAVA\Advanced Java Programs\HIBERNATE\HBRNT05AllAnnotations\src\test\resources
2021-08-25 18:13:02,319 [Worker-14: Building] INFO  o.e.m.c.i.embedder.EclipseLogger - Using 'UTF-8' encoding to copy filtered resources.
2021-08-25 18:13:02,320 [Worker-14: Building] INFO  o.e.m.c.i.embedder.EclipseLogger - skip non existing resourceDirectory D:\My Work\JAVA\Advanced Java Programs\HIBERNATE\HBRNT06FetchingObjGetAndLoadMethod\src\main\resources
2021-08-25 18:13:02,321 [Worker-14: Building] INFO  o.e.m.c.i.embedder.EclipseLogger - Using 'UTF-8' encoding to copy filtered resources.
2021-08-25 18:13:02,321 [Worker-14: Building] INFO  o.e.m.c.i.embedder.EclipseLogger - skip non existing resourceDirectory D:\My Work\JAVA\Advanced Java Programs\HIBERNATE\HBRNT06FetchingObjGetAndLoadMethod\src\test\resources
2021-08-25 18:13:02,681 [Worker-9: Updating Maven Dependencies] INFO  o.e.m.c.i.l.LifecycleMappingFactory - Using org.eclipse.m2e.jdt.JarLifecycleMapping lifecycle mapping for MavenProject: com.fetch:HBRNT06FetchingObjGetAndLoadMethod:0.0.1-SNAPSHOT @ D:\My Work\JAVA\Advanced Java Programs\HIBERNATE\HBRNT06FetchingObjGetAndLoadMethod\pom.xml.
2021-08-25 18:13:03,521 [Worker-12: Building] INFO  o.e.m.c.i.embedder.EclipseLogger - Using 'UTF-8' encoding to copy filtered resources.
2021-08-25 18:13:03,521 [Worker-12: Building] INFO  o.e.m.c.i.embedder.EclipseLogger - skip non existing resourceDirectory D:\My Work\JAVA\Advanced Java Programs\HIBERNATE\HBRNT06FetchingObjGetAndLoadMethod\src\main\resources
2021-08-25 18:13:03,523 [Worker-12: Building] INFO  o.e.m.c.i.embedder.EclipseLogger - Using 'UTF-8' encoding to copy filtered resources.
2021-08-25 18:13:03,524 [Worker-12: Building] INFO  o.e.m.c.i.embedder.EclipseLogger - skip non existing resourceDirectory D:\My Work\JAVA\Advanced Java Programs\HIBERNATE\HBRNT06FetchingObjGetAndLoadMethod\src\test\resources
2021-08-25 18:13:07,132 [Worker-12: Building] INFO  o.e.m.c.i.embedder.EclipseLogger - Using 'UTF-8' encoding to copy filtered resources.
2021-08-25 18:13:07,132 [Worker-12: Building] INFO  o.e.m.c.i.embedder.EclipseLogger - skip non existing resourceDirectory D:\My Work\JAVA\Advanced Java Programs\HIBERNATE\HBRNT07EmbeddingObjects\src\main\resources
2021-08-25 18:13:07,136 [Worker-12: Building] INFO  o.e.m.c.i.embedder.EclipseLogger - Using 'UTF-8' encoding to copy filtered resources.
2021-08-25 18:13:07,137 [Worker-12: Building] INFO  o.e.m.c.i.embedder.EclipseLogger - skip non existing resourceDirectory D:\My Work\JAVA\Advanced Java Programs\HIBERNATE\HBRNT07EmbeddingObjects\src\test\resources
2021-08-25 18:13:07,731 [Worker-14: Updating Maven Dependencies] INFO  o.e.m.c.i.l.LifecycleMappingFactory - Using org.eclipse.m2e.jdt.JarLifecycleMapping lifecycle mapping for MavenProject: com.embedding:HBRNT07EmbeddingObjects:0.0.1-SNAPSHOT @ D:\My Work\JAVA\Advanced Java Programs\HIBERNATE\HBRNT07EmbeddingObjects\pom.xml.
2021-08-25 18:13:08,587 [Worker-0: Building] INFO  o.e.m.c.i.embedder.EclipseLogger - Using 'UTF-8' encoding to copy filtered resources.
2021-08-25 18:13:08,588 [Worker-0: Building] INFO  o.e.m.c.i.embedder.EclipseLogger - skip non existing resourceDirectory D:\My Work\JAVA\Advanced Java Programs\HIBERNATE\HBRNT07EmbeddingObjects\src\main\resources
2021-08-25 18:13:08,591 [Worker-0: Building] INFO  o.e.m.c.i.embedder.EclipseLogger - Using 'UTF-8' encoding to copy filtered resources.
2021-08-25 18:13:08,591 [Worker-0: Building] INFO  o.e.m.c.i.embedder.EclipseLogger - skip non existing resourceDirectory D:\My Work\JAVA\Advanced Java Programs\HIBERNATE\HBRNT07EmbeddingObjects\src\test\resources
2021-08-25 18:13:09,398 [Worker-14: Updating Maven Dependencies] INFO  o.e.m.c.i.l.LifecycleMappingFactory - Using org.eclipse.m2e.jdt.JarLifecycleMapping lifecycle mapping for MavenProject: com.mapping:HBRNT08AllMappings:0.0.1-SNAPSHOT @ D:\My Work\JAVA\Advanced Java Programs\HIBERNATE\HBRNT08AllMappings\pom.xml.
2021-08-25 18:13:10,829 [Worker-0: Building] INFO  o.e.m.c.i.embedder.EclipseLogger - Using 'UTF-8' encoding to copy filtered resources.
2021-08-25 18:13:10,830 [Worker-0: Building] INFO  o.e.m.c.i.embedder.EclipseLogger - skip non existing resourceDirectory D:\My Work\JAVA\Advanced Java Programs\HIBERNATE\HBRNT08AllMappings\src\main\resources
2021-08-25 18:13:10,831 [Worker-0: Building] INFO  o.e.m.c.i.embedder.EclipseLogger - Using 'UTF-8' encoding to copy filtered resources.
2021-08-25 18:13:10,832 [Worker-0: Building] INFO  o.e.m.c.i.embedder.EclipseLogger - skip non existing resourceDirectory D:\My Work\JAVA\Advanced Java Programs\HIBERNATE\HBRNT08AllMappings\src\test\resources
2021-08-25 18:13:11,139 [Worker-0: Building] INFO  o.e.m.c.i.embedder.EclipseLogger - Using 'UTF-8' encoding to copy filtered resources.
2021-08-25 18:13:11,139 [Worker-0: Building] INFO  o.e.m.c.i.embedder.EclipseLogger - skip non existing resourceDirectory D:\My Work\JAVA\Advanced Java Programs\HIBERNATE\HBRNT09FetchingLazyEager\src\main\resources
2021-08-25 18:13:11,140 [Worker-0: Building] INFO  o.e.m.c.i.embedder.EclipseLogger - Using 'UTF-8' encoding to copy filtered resources.
2021-08-25 18:13:11,141 [Worker-0: Building] INFO  o.e.m.c.i.embedder.EclipseLogger - skip non existing resourceDirectory D:\My Work\JAVA\Advanced Java Programs\HIBERNATE\HBRNT09FetchingLazyEager\src\test\resources
2021-08-25 18:13:11,671 [Worker-9: Updating Maven Dependencies] INFO  o.e.m.c.i.l.LifecycleMappingFactory - Using org.eclipse.m2e.jdt.JarLifecycleMapping lifecycle mapping for MavenProject: com.fetch:HBRNT09FetchingLazyEager:0.0.1-SNAPSHOT @ D:\My Work\JAVA\Advanced Java Programs\HIBERNATE\HBRNT09FetchingLazyEager\pom.xml.
2021-08-25 18:13:12,440 [Worker-0: Building] INFO  o.e.m.c.i.embedder.EclipseLogger - Using 'UTF-8' encoding to copy filtered resources.
2021-08-25 18:13:12,440 [Worker-0: Building] INFO  o.e.m.c.i.embedder.EclipseLogger - skip non existing resourceDirectory D:\My Work\JAVA\Advanced Java Programs\HIBERNATE\HBRNT09FetchingLazyEager\src\main\resources
2021-08-25 18:13:12,443 [Worker-0: Building] INFO  o.e.m.c.i.embedder.EclipseLogger - Using 'UTF-8' encoding to copy filtered resources.
2021-08-25 18:13:12,443 [Worker-0: Building] INFO  o.e.m.c.i.embedder.EclipseLogger - skip non existing resourceDirectory D:\My Work\JAVA\Advanced Java Programs\HIBERNATE\HBRNT09FetchingLazyEager\src\test\resources
2021-08-25 18:13:13,246 [Worker-9: Building] INFO  o.e.m.c.i.embedder.EclipseLogger - Using 'UTF-8' encoding to copy filtered resources.
2021-08-25 18:13:13,246 [Worker-9: Building] INFO  o.e.m.c.i.embedder.EclipseLogger - skip non existing resourceDirectory D:\My Work\JAVA\Advanced Java Programs\HIBERNATE\HBRNT10ObjectsStates\src\main\resources
2021-08-25 18:13:13,247 [Worker-9: Building] INFO  o.e.m.c.i.embedder.EclipseLogger - Using 'UTF-8' encoding to copy filtered resources.
2021-08-25 18:13:13,248 [Worker-9: Building] INFO  o.e.m.c.i.embedder.EclipseLogger - skip non existing resourceDirectory D:\My Work\JAVA\Advanced Java Programs\HIBERNATE\HBRNT10ObjectsStates\src\test\resources
2021-08-25 18:13:13,253 [Worker-14: Updating Maven Dependencies] INFO  o.e.m.c.i.l.LifecycleMappingFactory - Using org.eclipse.m2e.jdt.JarLifecycleMapping lifecycle mapping for MavenProject: com.objectstates:HBRNT10ObjectsStates:0.0.1-SNAPSHOT @ D:\My Work\JAVA\Advanced Java Programs\HIBERNATE\HBRNT10ObjectsStates\pom.xml.
2021-08-25 18:13:13,442 [Worker-14: Updating Maven Dependencies] INFO  o.e.m.c.i.l.LifecycleMappingFactory - Using org.eclipse.m2e.jdt.JarLifecycleMapping lifecycle mapping for MavenProject: com.firstprogm:HBRNT04FirstHibernateProgram:0.0.1-SNAPSHOT @ D:\My Work\JAVA\Advanced Java Programs\HIBERNATE\HBRNT11HQLQueries\pom.xml.
2021-08-25 18:13:17,501 [Worker-14: Updating Maven Dependencies] INFO  o.e.m.c.i.l.LifecycleMappingFactory - Using org.eclipse.m2e.jdt.JarLifecycleMapping lifecycle mapping for MavenProject: com.firstprogm:HBRNT04FirstHibernateProgram:0.0.1-SNAPSHOT @ D:\My Work\JAVA\Advanced Java Programs\HIBERNATE\HBRNT12Pagination\pom.xml.
2021-08-25 18:13:17,630 [Worker-0: Building] INFO  o.e.m.c.i.embedder.EclipseLogger - Using 'UTF-8' encoding to copy filtered resources.
2021-08-25 18:13:17,631 [Worker-0: Building] INFO  o.e.m.c.i.embedder.EclipseLogger - skip non existing resourceDirectory D:\My Work\JAVA\Advanced Java Programs\HIBERNATE\HBRNT10ObjectsStates\src\main\resources
2021-08-25 18:13:17,633 [Worker-0: Building] INFO  o.e.m.c.i.embedder.EclipseLogger - Using 'UTF-8' encoding to copy filtered resources.
2021-08-25 18:13:17,633 [Worker-0: Building] INFO  o.e.m.c.i.embedder.EclipseLogger - skip non existing resourceDirectory D:\My Work\JAVA\Advanced Java Programs\HIBERNATE\HBRNT10ObjectsStates\src\test\resources
2021-08-25 18:13:17,732 [Worker-14: Updating Maven Dependencies] INFO  o.e.m.c.i.l.LifecycleMappingFactory - Using org.eclipse.m2e.jdt.JarLifecycleMapping lifecycle mapping for MavenProject: com.firstprogm:HBRNT04FirstHibernateProgram:0.0.1-SNAPSHOT @ D:\My Work\JAVA\Advanced Java Programs\HIBERNATE\HBRNT13NativeSql\pom.xml.
2021-08-25 18:13:17,757 [Worker-0: Building] INFO  o.e.m.c.i.embedder.EclipseLogger - Using 'UTF-8' encoding to copy filtered resources.
2021-08-25 18:13:17,757 [Worker-0: Building] INFO  o.e.m.c.i.embedder.EclipseLogger - skip non existing resourceDirectory D:\My Work\JAVA\Advanced Java Programs\HIBERNATE\HBRNT11HQLQueries\src\main\resources
2021-08-25 18:13:17,759 [Worker-0: Building] INFO  o.e.m.c.i.embedder.EclipseLogger - Using 'UTF-8' encoding to copy filtered resources.
2021-08-25 18:13:17,760 [Worker-0: Building] INFO  o.e.m.c.i.embedder.EclipseLogger - skip non existing resourceDirectory D:\My Work\JAVA\Advanced Java Programs\HIBERNATE\HBRNT11HQLQueries\src\test\resources
2021-08-25 18:13:17,863 [Worker-14: Updating Maven Dependencies] INFO  o.e.m.c.i.l.LifecycleMappingFactory - Using org.eclipse.m2e.jdt.JarLifecycleMapping lifecycle mapping for MavenProject: com.mapping:HBRNT08AllMappings:0.0.1-SNAPSHOT @ D:\My Work\JAVA\Advanced Java Programs\HIBERNATE\HBRNT14Cascading\pom.xml.
2021-08-25 18:13:22,178 [Worker-14: Updating Maven Dependencies] INFO  o.e.m.c.i.l.LifecycleMappingFactory - Using org.eclipse.m2e.jdt.JarLifecycleMapping lifecycle mapping for MavenProject: com.firstprogm:HBRNT04FirstHibernateProgram:0.0.1-SNAPSHOT @ D:\My Work\JAVA\Advanced Java Programs\HIBERNATE\HBRNT15CachingFirstAndSecondLevel\pom.xml.
2021-08-25 18:13:22,931 [Worker-14: Updating Maven Dependencies] INFO  o.e.m.c.i.l.LifecycleMappingFactory - Using org.eclipse.m2e.jdt.JarLifecycleMapping lifecycle mapping for MavenProject: com.firstprogm:HBRNT04FirstHibernateProgram:0.0.1-SNAPSHOT @ D:\My Work\JAVA\Advanced Java Programs\HIBERNATE\HBRNT16MappingUsingXml\pom.xml.
2021-08-25 18:13:24,261 [Worker-16: Building] INFO  o.e.m.c.i.embedder.EclipseLogger - Using 'UTF-8' encoding to copy filtered resources.
2021-08-25 18:13:24,261 [Worker-16: Building] INFO  o.e.m.c.i.embedder.EclipseLogger - skip non existing resourceDirectory D:\My Work\JAVA\Advanced Java Programs\HIBERNATE\HBRNT12Pagination\src\main\resources
2021-08-25 18:13:24,263 [Worker-16: Building] INFO  o.e.m.c.i.embedder.EclipseLogger - Using 'UTF-8' encoding to copy filtered resources.
2021-08-25 18:13:24,263 [Worker-16: Building] INFO  o.e.m.c.i.embedder.EclipseLogger - skip non existing resourceDirectory D:\My Work\JAVA\Advanced Java Programs\HIBERNATE\HBRNT12Pagination\src\test\resources
2021-08-25 18:13:25,150 [Worker-13: Updating Maven Dependencies] INFO  o.e.m.c.i.l.LifecycleMappingFactory - Using org.eclipse.m2e.jdt.JarLifecycleMapping lifecycle mapping for MavenProject: com.criteriaApi:HBRNT17CriteriaAPIandRestrictions:0.0.1-SNAPSHOT @ D:\My Work\JAVA\Advanced Java Programs\HIBERNATE\HBRNT17CriteriaAPIandRestrictions\pom.xml.
2021-08-25 18:13:26,194 [Worker-16: Building] INFO  o.e.m.c.i.embedder.EclipseLogger - Using 'UTF-8' encoding to copy filtered resources.
2021-08-25 18:13:26,195 [Worker-16: Building] INFO  o.e.m.c.i.embedder.EclipseLogger - skip non existing resourceDirectory D:\My Work\JAVA\Advanced Java Programs\HIBERNATE\HBRNT13NativeSql\src\main\resources
2021-08-25 18:13:26,199 [Worker-16: Building] INFO  o.e.m.c.i.embedder.EclipseLogger - Using 'UTF-8' encoding to copy filtered resources.
2021-08-25 18:13:26,199 [Worker-16: Building] INFO  o.e.m.c.i.embedder.EclipseLogger - skip non existing resourceDirectory D:\My Work\JAVA\Advanced Java Programs\HIBERNATE\HBRNT13NativeSql\src\test\resources
2021-08-25 18:13:26,285 [Worker-13: Updating Maven Dependencies] INFO  o.e.m.c.i.l.LifecycleMappingFactory - Using org.maven.ide.eclipse.wtp.WarLifecycleMapping lifecycle mapping for MavenProject: HBRNT18WebApplication:HBRNT18WebApplication:0.0.1-SNAPSHOT @ D:\My Work\JAVA\Advanced Java Programs\HIBERNATE\HBRNT18WebAppUsingDynamicWebProject&ConvrtToMaven\pom.xml.
2021-08-25 18:13:26,417 [Worker-16: Building] INFO  o.e.m.c.i.embedder.EclipseLogger - Using 'UTF-8' encoding to copy filtered resources.
2021-08-25 18:13:26,417 [Worker-16: Building] INFO  o.e.m.c.i.embedder.EclipseLogger - skip non existing resourceDirectory D:\My Work\JAVA\Advanced Java Programs\HIBERNATE\HBRNT14Cascading\src\main\resources
2021-08-25 18:13:26,418 [Worker-16: Building] INFO  o.e.m.c.i.embedder.EclipseLogger - Using 'UTF-8' encoding to copy filtered resources.
2021-08-25 18:13:26,419 [Worker-16: Building] INFO  o.e.m.c.i.embedder.EclipseLogger - skip non existing resourceDirectory D:\My Work\JAVA\Advanced Java Programs\HIBERNATE\HBRNT14Cascading\src\test\resources
2021-08-25 18:13:28,714 [Worker-16: Building] INFO  o.e.m.c.i.embedder.EclipseLogger - Using 'UTF-8' encoding to copy filtered resources.
2021-08-25 18:13:28,714 [Worker-16: Building] INFO  o.e.m.c.i.embedder.EclipseLogger - skip non existing resourceDirectory D:\My Work\JAVA\Advanced Java Programs\HIBERNATE\HBRNT15CachingFirstAndSecondLevel\src\main\resources
2021-08-25 18:13:28,715 [Worker-16: Building] INFO  o.e.m.c.i.embedder.EclipseLogger - Using 'UTF-8' encoding to copy filtered resources.
2021-08-25 18:13:28,715 [Worker-16: Building] INFO  o.e.m.c.i.embedder.EclipseLogger - skip non existing resourceDirectory D:\My Work\JAVA\Advanced Java Programs\HIBERNATE\HBRNT15CachingFirstAndSecondLevel\src\test\resources
2021-08-25 18:13:29,086 [Worker-16: Building] INFO  o.e.m.c.i.embedder.EclipseLogger - Using 'UTF-8' encoding to copy filtered resources.
2021-08-25 18:13:29,087 [Worker-16: Building] INFO  o.e.m.c.i.embedder.EclipseLogger - skip non existing resourceDirectory D:\My Work\JAVA\Advanced Java Programs\HIBERNATE\HBRNT16MappingUsingXml\src\main\resources
2021-08-25 18:13:29,089 [Worker-16: Building] INFO  o.e.m.c.i.embedder.EclipseLogger - Using 'UTF-8' encoding to copy filtered resources.
2021-08-25 18:13:29,089 [Worker-16: Building] INFO  o.e.m.c.i.embedder.EclipseLogger - skip non existing resourceDirectory D:\My Work\JAVA\Advanced Java Programs\HIBERNATE\HBRNT16MappingUsingXml\src\test\resources
2021-08-25 18:13:29,317 [Worker-16: Building] INFO  o.e.m.c.i.embedder.EclipseLogger - Using 'UTF-8' encoding to copy filtered resources.
2021-08-25 18:13:29,318 [Worker-16: Building] INFO  o.e.m.c.i.embedder.EclipseLogger - skip non existing resourceDirectory D:\My Work\JAVA\Advanced Java Programs\HIBERNATE\HBRNT17CriteriaAPIandRestrictions\src\main\resources
2021-08-25 18:13:29,319 [Worker-16: Building] INFO  o.e.m.c.i.embedder.EclipseLogger - Using 'UTF-8' encoding to copy filtered resources.
2021-08-25 18:13:29,320 [Worker-16: Building] INFO  o.e.m.c.i.embedder.EclipseLogger - skip non existing resourceDirectory D:\My Work\JAVA\Advanced Java Programs\HIBERNATE\HBRNT17CriteriaAPIandRestrictions\src\test\resources
2021-08-25 18:13:29,628 [Worker-16: Building] WARN  o.e.m.c.i.embedder.EclipseLogger - Using platform encoding (Cp1252 actually) to copy filtered resources, i.e. build is platform dependent!
2021-08-25 18:13:29,629 [Worker-16: Building] INFO  o.e.m.c.i.embedder.EclipseLogger - skip non existing resourceDirectory D:\My Work\JAVA\Advanced Java Programs\HIBERNATE\HBRNT18WebAppUsingDynamicWebProject&ConvrtToMaven\src\main\resources
2021-08-25 18:13:29,632 [Worker-16: Building] WARN  o.e.m.c.i.embedder.EclipseLogger - Using platform encoding (Cp1252 actually) to copy filtered resources, i.e. build is platform dependent!
2021-08-25 18:13:29,633 [Worker-16: Building] INFO  o.e.m.c.i.embedder.EclipseLogger - skip non existing resourceDirectory D:\My Work\JAVA\Advanced Java Programs\HIBERNATE\HBRNT18WebAppUsingDynamicWebProject&ConvrtToMaven\src\test\resources
2021-08-25 18:13:35,054 [Worker-0: Building] WARN  o.e.m.c.i.embedder.EclipseLogger - Using platform encoding (Cp1252 actually) to copy filtered resources, i.e. build is platform dependent!
2021-08-25 18:13:35,055 [Worker-0: Building] INFO  o.e.m.c.i.embedder.EclipseLogger - skip non existing resourceDirectory D:\My Work\JAVA\Advanced Java Programs\HIBERNATE\HBRNT18WebAppUsingDynamicWebProject&ConvrtToMaven\src\main\resources
2021-08-25 18:13:35,057 [Worker-0: Building] WARN  o.e.m.c.i.embedder.EclipseLogger - Using platform encoding (Cp1252 actually) to copy filtered resources, i.e. build is platform dependent!
2021-08-25 18:13:35,058 [Worker-0: Building] INFO  o.e.m.c.i.embedder.EclipseLogger - skip non existing resourceDirectory D:\My Work\JAVA\Advanced Java Programs\HIBERNATE\HBRNT18WebAppUsingDynamicWebProject&ConvrtToMaven\src\test\resources
2021-08-26 18:25:51,631 [Worker-2: Loading available Gradle versions] INFO  o.e.b.c.i.u.g.PublishedGradleVersions - Gradle version information cache is out-of-date. Trying to update.
